Log file opened on Sat Apr  8 13:36:53 2017
Host: ginnard-server2  pid: 15055  rank ID: 0  number of ranks:  1
                      :-) GROMACS - gmx mdrun, 2016.3 (-:

                            GROMACS is written by:
     Emile Apol      Rossen Apostolov  Herman J.C. Berendsen    Par Bjelkmar   
 Aldert van Buuren   Rudi van Drunen     Anton Feenstra    Gerrit Groenhof  
 Christoph Junghans   Anca Hamuraru    Vincent Hindriksen Dimitrios Karkoulis
    Peter Kasson        Jiri Kraus      Carsten Kutzner      Per Larsson    
  Justin A. Lemkul   Magnus Lundborg   Pieter Meulenhoff    Erik Marklund   
   Teemu Murtola       Szilard Pall       Sander Pronk      Roland Schulz   
  Alexey Shvetsov     Michael Shirts     Alfons Sijbers     Peter Tieleman  
  Teemu Virolainen  Christian Wennberg    Maarten Wolf   
                           and the project leaders:
        Mark Abraham, Berk Hess, Erik Lindahl, and David van der Spoel

Copyright (c) 1991-2000, University of Groningen, The Netherlands.
Copyright (c) 2001-2017, The GROMACS development team at
Uppsala University, Stockholm University and
the Royal Institute of Technology, Sweden.
check out http://www.gromacs.org for more information.

GROMACS is free software; you can redistribute it and/or modify it
under the terms of the GNU Lesser General Public License
as published by the Free Software Foundation; either version 2.1
of the License, or (at your option) any later version.

GROMACS:      gmx mdrun, version 2016.3
Executable:   /home/jginnard/bin/gmx
Data prefix:  /home/jginnard/gromacs-2016.3 (source tree)
Working dir:  /home/gromacs/simulations/run3
Command line:
  gmx mdrun -deffnm nvt -ntmpi 8 -gpu_id 00000000 -nb gpu_cpu

GROMACS version:    2016.3
Precision:          single
Memory model:       64 bit
MPI library:        thread_mpi
OpenMP support:     enabled (GMX_OPENMP_MAX_THREADS = 32)
GPU support:        CUDA
SIMD instructions:  SSE4.1
FFT library:        fftw-3.3.5-sse2
RDTSCP usage:       enabled
TNG support:        enabled
Hwloc support:      disabled
Tracing support:    disabled
Built on:           Thu Mar 30 11:22:52 EDT 2017
Built by:           root@ginnard-server2 [CMAKE]
Build OS/arch:      Linux 4.4.0-70-generic x86_64
Build CPU vendor:   Intel
Build CPU brand:    Intel(R) Xeon(R) CPU           X5550  @ 2.67GHz
Build CPU family:   6   Model: 26   Stepping: 5
Build CPU features: apic clfsh cmov cx8 cx16 htt lahf mmx msr nonstop_tsc pdcm popcnt pse rdtscp sse2 sse3 sse4.1 sse4.2 ssse3
C compiler:         /usr/bin/gcc GNU 5.4.0
C compiler flags:    -msse4.1     -O3 -DNDEBUG -funroll-all-loops -fexcess-precision=fast  
C++ compiler:       /usr/bin/g++ GNU 5.4.0
C++ compiler flags:  -msse4.1    -std=c++0x   -O3 -DNDEBUG -funroll-all-loops -fexcess-precision=fast  
CUDA compiler:      /usr/local/cuda/bin/nvcc nvcc: NVIDIA (R) Cuda compiler driver;Copyright (c) 2005-2016 NVIDIA Corporation;Built on Tue_Jan_10_13:22:03_CST_2017;Cuda compilation tools, release 8.0, V8.0.61
CUDA compiler flags:-gencode;arch=compute_20,code=sm_20;-gencode;arch=compute_30,code=sm_30;-gencode;arch=compute_35,code=sm_35;-gencode;arch=compute_37,code=sm_37;-gencode;arch=compute_50,code=sm_50;-gencode;arch=compute_52,code=sm_52;-gencode;arch=compute_60,code=sm_60;-gencode;arch=compute_61,code=sm_61;-gencode;arch=compute_60,code=compute_60;-gencode;arch=compute_61,code=compute_61;-use_fast_math;-D_FORCE_INLINES;;-Xcompiler;,-msse4.1,,,,,,;-Xcompiler;-O3,-DNDEBUG,-funroll-all-loops,-fexcess-precision=fast,,; 
CUDA driver:        8.0
CUDA runtime:       8.0


Running on 1 node with total 16 cores, 16 logical cores, 1 compatible GPU
Hardware detected:
  CPU info:
    Vendor: Intel
    Brand:  Intel(R) Xeon(R) CPU           X5550  @ 2.67GHz
    Family: 6   Model: 26   Stepping: 5
    Features: apic clfsh cmov cx8 cx16 htt lahf mmx msr nonstop_tsc pdcm popcnt pse rdtscp sse2 sse3 sse4.1 sse4.2 ssse3
    SIMD instructions most likely to fit this hardware: SSE4.1
    SIMD instructions selected at GROMACS compile time: SSE4.1

  Hardware topology: Basic
    Sockets, cores, and logical processors:
      Socket  0: [   1]
      Socket  1: [   9]
      Socket  2: [   3]
      Socket  3: [  11]
      Socket  4: [   5]
      Socket  5: [  13]
      Socket  6: [   7]
      Socket  7: [  15]
      Socket  8: [   0]
      Socket  9: [   8]
      Socket 10: [   2]
      Socket 11: [  10]
      Socket 12: [   4]
      Socket 13: [  12]
      Socket 14: [   6]
      Socket 15: [  14]
  GPU info:
    Number of GPUs detected: 1
    #0: NVIDIA GeForce GT 710, compute cap.: 3.5, ECC:  no, stat: compatible


++++ PLEASE READ AND CITE THE FOLLOWING REFERENCE ++++
M. J. Abraham, T. Murtola, R. Schulz, S. Páll, J. C. Smith, B. Hess, E.
Lindahl
GROMACS: High performance molecular simulations through multi-level
parallelism from laptops to supercomputers
SoftwareX 1 (2015) pp. 19-25
-------- -------- --- Thank You --- -------- --------


++++ PLEASE READ AND CITE THE FOLLOWING REFERENCE ++++
S. Páll, M. J. Abraham, C. Kutzner, B. Hess, E. Lindahl
Tackling Exascale Software Challenges in Molecular Dynamics Simulations with
GROMACS
In S. Markidis & E. Laure (Eds.), Solving Software Challenges for Exascale 8759 (2015) pp. 3-27
-------- -------- --- Thank You --- -------- --------


++++ PLEASE READ AND CITE THE FOLLOWING REFERENCE ++++
S. Pronk, S. Páll, R. Schulz, P. Larsson, P. Bjelkmar, R. Apostolov, M. R.
Shirts, J. C. Smith, P. M. Kasson, D. van der Spoel, B. Hess, and E. Lindahl
GROMACS 4.5: a high-throughput and highly parallel open source molecular
simulation toolkit
Bioinformatics 29 (2013) pp. 845-54
-------- -------- --- Thank You --- -------- --------


++++ PLEASE READ AND CITE THE FOLLOWING REFERENCE ++++
B. Hess and C. Kutzner and D. van der Spoel and E. Lindahl
GROMACS 4: Algorithms for highly efficient, load-balanced, and scalable
molecular simulation
J. Chem. Theory Comput. 4 (2008) pp. 435-447
-------- -------- --- Thank You --- -------- --------


++++ PLEASE READ AND CITE THE FOLLOWING REFERENCE ++++
D. van der Spoel, E. Lindahl, B. Hess, G. Groenhof, A. E. Mark and H. J. C.
Berendsen
GROMACS: Fast, Flexible and Free
J. Comp. Chem. 26 (2005) pp. 1701-1719
-------- -------- --- Thank You --- -------- --------


++++ PLEASE READ AND CITE THE FOLLOWING REFERENCE ++++
E. Lindahl and B. Hess and D. van der Spoel
GROMACS 3.0: A package for molecular simulation and trajectory analysis
J. Mol. Mod. 7 (2001) pp. 306-317
-------- -------- --- Thank You --- -------- --------


++++ PLEASE READ AND CITE THE FOLLOWING REFERENCE ++++
H. J. C. Berendsen, D. van der Spoel and R. van Drunen
GROMACS: A message-passing parallel molecular dynamics implementation
Comp. Phys. Comm. 91 (1995) pp. 43-56
-------- -------- --- Thank You --- -------- --------


For optimal performance with a GPU nstlist (now 10) should be larger.
The optimum depends on your CPU and GPU resources.
You might want to try several nstlist values.
Changing nstlist from 10 to 40, rlist from 1.4 to 1.474

Input Parameters:
   integrator                     = sd
   tinit                          = 0
   dt                             = 0.002
   nsteps                         = 50000
   init-step                      = 0
   simulation-part                = 1
   comm-mode                      = Linear
   nstcomm                        = 100
   bd-fric                        = 0
   ld-seed                        = -527079542
   emtol                          = 10
   emstep                         = 0.01
   niter                          = 20
   fcstep                         = 0
   nstcgsteep                     = 1000
   nbfgscorr                      = 10
   rtpi                           = 0.05
   nstxout                        = 500
   nstvout                        = 500
   nstfout                        = 0
   nstlog                         = 500
   nstcalcenergy                  = 100
   nstenergy                      = 500
   nstxout-compressed             = 0
   compressed-x-precision         = 1000
   cutoff-scheme                  = Verlet
   nstlist                        = 40
   ns-type                        = Grid
   pbc                            = xyz
   periodic-molecules             = false
   verlet-buffer-tolerance        = 0.005
   rlist                          = 1.474
   coulombtype                    = PME
   coulomb-modifier               = Potential-shift
   rcoulomb-switch                = 0
   rcoulomb                       = 1.4
   epsilon-r                      = 1
   epsilon-rf                     = inf
   vdw-type                       = Cut-off
   vdw-modifier                   = Potential-shift
   rvdw-switch                    = 0
   rvdw                           = 1.4
   DispCorr                       = EnerPres
   table-extension                = 1
   fourierspacing                 = 0.16
   fourier-nx                     = 60
   fourier-ny                     = 60
   fourier-nz                     = 60
   pme-order                      = 4
   ewald-rtol                     = 1e-05
   ewald-rtol-lj                  = 0.001
   lj-pme-comb-rule               = Geometric
   ewald-geometry                 = 0
   epsilon-surface                = 0
   implicit-solvent               = No
   gb-algorithm                   = Still
   nstgbradii                     = 1
   rgbradii                       = 1
   gb-epsilon-solvent             = 80
   gb-saltconc                    = 0
   gb-obc-alpha                   = 1
   gb-obc-beta                    = 0.8
   gb-obc-gamma                   = 4.85
   gb-dielectric-offset           = 0.009
   sa-algorithm                   = Ace-approximation
   sa-surface-tension             = 2.05016
   tcoupl                         = No
   nsttcouple                     = -1
   nh-chain-length                = 0
   print-nose-hoover-chain-variables = false
   pcoupl                         = No
   pcoupltype                     = Isotropic
   nstpcouple                     = -1
   tau-p                          = 1
   compressibility (3x3):
      compressibility[    0]={ 0.00000e+00,  0.00000e+00,  0.00000e+00}
      compressibility[    1]={ 0.00000e+00,  0.00000e+00,  0.00000e+00}
      compressibility[    2]={ 0.00000e+00,  0.00000e+00,  0.00000e+00}
   ref-p (3x3):
      ref-p[    0]={ 0.00000e+00,  0.00000e+00,  0.00000e+00}
      ref-p[    1]={ 0.00000e+00,  0.00000e+00,  0.00000e+00}
      ref-p[    2]={ 0.00000e+00,  0.00000e+00,  0.00000e+00}
   refcoord-scaling               = No
   posres-com (3):
      posres-com[0]= 0.00000e+00
      posres-com[1]= 0.00000e+00
      posres-com[2]= 0.00000e+00
   posres-comB (3):
      posres-comB[0]= 0.00000e+00
      posres-comB[1]= 0.00000e+00
      posres-comB[2]= 0.00000e+00
   QMMM                           = false
   QMconstraints                  = 0
   QMMMscheme                     = 0
   MMChargeScaleFactor            = 1
qm-opts:
   ngQM                           = 0
   constraint-algorithm           = Lincs
   continuation                   = false
   Shake-SOR                      = false
   shake-tol                      = 0.0001
   lincs-order                    = 4
   lincs-iter                     = 1
   lincs-warnangle                = 30
   nwall                          = 0
   wall-type                      = 9-3
   wall-r-linpot                  = -1
   wall-atomtype[0]               = -1
   wall-atomtype[1]               = -1
   wall-density[0]                = 0
   wall-density[1]                = 0
   wall-ewald-zfac                = 3
   pull                           = false
   rotation                       = false
   interactiveMD                  = false
   disre                          = No
   disre-weighting                = Conservative
   disre-mixed                    = false
   dr-fc                          = 1000
   dr-tau                         = 0
   nstdisreout                    = 100
   orire-fc                       = 0
   orire-tau                      = 0
   nstorireout                    = 100
   free-energy                    = no
   cos-acceleration               = 0
   deform (3x3):
      deform[    0]={ 0.00000e+00,  0.00000e+00,  0.00000e+00}
      deform[    1]={ 0.00000e+00,  0.00000e+00,  0.00000e+00}
      deform[    2]={ 0.00000e+00,  0.00000e+00,  0.00000e+00}
   simulated-tempering            = false
   E-x:
      n = 0
   E-xt:
      n = 0
   E-y:
      n = 0
   E-yt:
      n = 0
   E-z:
      n = 0
   E-zt:
      n = 0
   swapcoords                     = no
   userint1                       = 0
   userint2                       = 0
   userint3                       = 0
   userint4                       = 0
   userreal1                      = 0
   userreal2                      = 0
   userreal3                      = 0
   userreal4                      = 0
grpopts:
   nrdf:     4700.88      108048
   ref-t:         300         300
   tau-t:         0.1         0.1
annealing:          No          No
annealing-npoints:           0           0
   acc:	           0           0           0
   nfreeze:           N           N           N
   energygrp-flags[  0]: 0 0
   energygrp-flags[  1]: 0 0


Initializing Domain Decomposition on 8 ranks
Dynamic load balancing: auto
Initial maximum inter charge-group distances:
    two-body bonded interactions: 0.422 nm, LJ-14, atoms 1553 1556
  multi-body bonded interactions: 0.422 nm, Proper Dih., atoms 1553 1556
Minimum cell size due to bonded interactions: 0.465 nm
Maximum distance for 5 constraints, at 120 deg. angles, all-trans: 0.820 nm
Estimated maximum distance required for P-LINCS: 0.820 nm
This distance will limit the DD cell size, you can override this with -rcon
Using 0 separate PME ranks, per user request
Scaling the initial minimum size with 1/0.8 (option -dds) = 1.25
Optimizing the DD grid for 8 cells with a minimum initial size of 1.025 nm
The maximum allowed number of cells is: X 7 Y 7 Z 6
Domain decomposition grid 4 x 2 x 1, separate PME ranks 0
PME domain decomposition: 4 x 2 x 1
Domain decomposition rank 0, coordinates 0 0 0

The initial number of communication pulses is: X 1 Y 1
The initial domain decomposition cell size is: X 1.93 nm Y 3.86 nm

The maximum allowed distance for charge groups involved in interactions is:
                 non-bonded interactions           1.474 nm
            two-body bonded interactions  (-rdd)   1.474 nm
          multi-body bonded interactions  (-rdd)   1.474 nm
  atoms separated by up to 5 constraints  (-rcon)  1.930 nm

When dynamic load balancing gets turned on, these settings will change to:
The maximum number of communication pulses is: X 1 Y 1
The minimum size for domain decomposition cells is 1.474 nm
The requested allowed shrink of DD cells (option -dds) is: 0.80
The allowed shrink of domain decomposition cells is: X 0.76 Y 0.38
The maximum allowed distance for charge groups involved in interactions is:
                 non-bonded interactions           1.474 nm
            two-body bonded interactions  (-rdd)   1.474 nm
          multi-body bonded interactions  (-rdd)   1.474 nm
  atoms separated by up to 5 constraints  (-rcon)  1.474 nm

Using 8 MPI threads
Using 2 OpenMP threads per tMPI thread

1 GPU user-selected for this run.
Mapping of GPU ID to the 8 PP ranks in this node: 0,0,0,0,0,0,0,0

NOTE: You assigned GPUs to multiple thread-MPI threads.
Will do PME sum in reciprocal space for electrostatic interactions.

++++ PLEASE READ AND CITE THE FOLLOWING REFERENCE ++++
U. Essmann, L. Perera, M. L. Berkowitz, T. Darden, H. Lee and L. G. Pedersen 
A smooth particle mesh Ewald method
J. Chem. Phys. 103 (1995) pp. 8577-8592
-------- -------- --- Thank You --- -------- --------

Will do ordinary reciprocal space Ewald sum.
Using a Gaussian width (1/beta) of 0.448228 nm for Ewald
Cut-off's:   NS: 1.474   Coulomb: 1.4   LJ: 1.4
Long Range LJ corr.: <C6> 3.3784e-04
System total charge: 2.000
Generated table with 1237 data points for Ewald.
Tabscale = 500 points/nm
Generated table with 1237 data points for LJ6.
Tabscale = 500 points/nm
Generated table with 1237 data points for LJ12.
Tabscale = 500 points/nm
Generated table with 1237 data points for 1-4 COUL.
Tabscale = 500 points/nm
Generated table with 1237 data points for 1-4 LJ6.
Tabscale = 500 points/nm
Generated table with 1237 data points for 1-4 LJ12.
Tabscale = 500 points/nm
Potential shift: LJ r^-12: -1.764e-02 r^-6: -1.328e-01, Ewald -1.000e-05
Initialized non-bonded Ewald correction tables, spacing: 1.10e-03 size: 1270


Using GPU 8x8 non-bonded kernels


Using SIMD 4x4 non-bonded kernels

Using full Lennard-Jones parameter combination matrix


NOTE: With GPUs, reporting energy group contributions is not supported

Using full Lennard-Jones parameter combination matrix

Removing pbc first time
Pinning threads with an auto-selected logical core stride of 1

Initializing Parallel LINear Constraint Solver

++++ PLEASE READ AND CITE THE FOLLOWING REFERENCE ++++
B. Hess
P-LINCS: A Parallel Linear Constraint Solver for molecular simulation
J. Chem. Theory Comput. 4 (2008) pp. 116-122
-------- -------- --- Thank You --- -------- --------

The number of constraints is 2406
There are inter charge-group constraints,
will communicate selected coordinates each lincs iteration

++++ PLEASE READ AND CITE THE FOLLOWING REFERENCE ++++
S. Miyamoto and P. A. Kollman
SETTLE: An Analytical Version of the SHAKE and RATTLE Algorithms for Rigid
Water Models
J. Comp. Chem. 13 (1992) pp. 952-962
-------- -------- --- Thank You --- -------- --------


Linking all bonded interactions to atoms

Intra-simulation communication will occur every 20 steps.
Center of mass motion removal mode is Linear
We have the following groups for center of mass motion removal:
  0:  rest

++++ PLEASE READ AND CITE THE FOLLOWING REFERENCE ++++
N. Goga and A. J. Rzepiela and A. H. de Vries and S. J. Marrink and H. J. C.
Berendsen
Efficient Algorithms for Langevin and DPD Dynamics
J. Chem. Theory Comput. 8 (2012) pp. 3637--3649
-------- -------- --- Thank You --- -------- --------

There are: 56393 Atoms
Atom distribution over 8 domains: av 7049 stddev 160 min 6822 max 7308

NOTE: DLB will not turn on during the first phase of PME tuning


Constraining the starting coordinates (step 0)

Constraining the coordinates at t0-dt (step 0)
RMS relative constraint deviation after constraining: 2.07e-05
Initial temperature: 299.818 K

Started mdrun on rank 0 Sat Apr  8 13:36:55 2017
           Step           Time
              0        0.00000

   Energies (kJ/mol)
       G96Angle    Proper Dih.  Improper Dih.          LJ-14     Coulomb-14
    1.77215e+03    2.62508e+03    6.14054e+02   -1.32232e+02    3.09520e+04
        LJ (SR)  Disper. corr.   Coulomb (SR)   Coul. recip. Position Rest.
    1.20621e+05   -2.74454e+03   -1.06074e+06    2.45106e+03    4.95694e-01
      Potential    Kinetic En.   Total Energy    Temperature Pres. DC (bar)
   -9.04586e+05    1.40573e+05   -7.64012e+05    2.99907e+02   -7.63348e+01
 Pressure (bar)   Constr. rmsd
   -5.17798e+03    1.16404e-05

DD  step 39 load imb.: force  3.2%

step   80: timed with pme grid 60 60 60, coulomb cutoff 1.400: 3029.1 M-cycles
step  160: timed with pme grid 52 52 52, coulomb cutoff 1.591: 3873.0 M-cycles
step  240: timed with pme grid 56 56 56, coulomb cutoff 1.477: 3466.9 M-cycles
step  320: timed with pme grid 60 60 60, coulomb cutoff 1.400: 3023.0 M-cycles
              optimal pme grid 60 60 60, coulomb cutoff 1.400

NOTE: DLB can now turn on, when beneficial

           Step           Time
            500        1.00000

   Energies (kJ/mol)
       G96Angle    Proper Dih.  Improper Dih.          LJ-14     Coulomb-14
    3.99889e+03    2.88362e+03    1.33373e+03    6.41370e+01    3.09814e+04
        LJ (SR)  Disper. corr.   Coulomb (SR)   Coul. recip. Position Rest.
    1.18989e+05   -2.74454e+03   -9.37481e+05    1.88362e+03    1.37372e+03
      Potential    Kinetic En.   Total Energy    Temperature Pres. DC (bar)
   -7.78718e+05    1.39746e+05   -6.38972e+05    2.98142e+02   -7.63348e+01
 Pressure (bar)   Constr. rmsd
   -6.86284e+02    1.02313e-05

DD  step 999 load imb.: force  3.8%

           Step           Time
           1000        2.00000

   Energies (kJ/mol)
       G96Angle    Proper Dih.  Improper Dih.          LJ-14     Coulomb-14
    4.10570e+03    2.91681e+03    1.23648e+03   -4.72695e+01    3.08944e+04
        LJ (SR)  Disper. corr.   Coulomb (SR)   Coul. recip. Position Rest.
    1.19517e+05   -2.74454e+03   -9.41057e+05    1.87813e+03    1.47135e+03
      Potential    Kinetic En.   Total Energy    Temperature Pres. DC (bar)
   -7.81829e+05    1.41383e+05   -6.40446e+05    3.01634e+02   -7.63348e+01
 Pressure (bar)   Constr. rmsd
   -4.99656e+02    1.14615e-05

           Step           Time
           1500        3.00000

   Energies (kJ/mol)
       G96Angle    Proper Dih.  Improper Dih.          LJ-14     Coulomb-14
    4.01359e+03    2.79322e+03    1.23075e+03   -1.75520e+01    3.09785e+04
        LJ (SR)  Disper. corr.   Coulomb (SR)   Coul. recip. Position Rest.
    1.19255e+05   -2.74454e+03   -9.41032e+05    1.84804e+03    1.45178e+03
      Potential    Kinetic En.   Total Energy    Temperature Pres. DC (bar)
   -7.82224e+05    1.41843e+05   -6.40381e+05    3.02614e+02   -7.63348e+01
 Pressure (bar)   Constr. rmsd
   -2.73652e+02    1.14386e-05

DD  step 1999 load imb.: force  3.7%

           Step           Time
           2000        4.00000

   Energies (kJ/mol)
       G96Angle    Proper Dih.  Improper Dih.          LJ-14     Coulomb-14
    3.87160e+03    2.87343e+03    1.26237e+03    2.97204e+01    3.10852e+04
        LJ (SR)  Disper. corr.   Coulomb (SR)   Coul. recip. Position Rest.
    1.20205e+05   -2.74454e+03   -9.42424e+05    1.82491e+03    1.44685e+03
      Potential    Kinetic En.   Total Energy    Temperature Pres. DC (bar)
   -7.82569e+05    1.40058e+05   -6.42511e+05    2.98807e+02   -7.63348e+01
 Pressure (bar)   Constr. rmsd
   -7.58848e+02    1.08597e-05

           Step           Time
           2500        5.00000

   Energies (kJ/mol)
       G96Angle    Proper Dih.  Improper Dih.          LJ-14     Coulomb-14
    3.90074e+03    2.81026e+03    1.22562e+03    3.49733e+01    3.10314e+04
        LJ (SR)  Disper. corr.   Coulomb (SR)   Coul. recip. Position Rest.
    1.20921e+05   -2.74454e+03   -9.42426e+05    1.86356e+03    1.47986e+03
      Potential    Kinetic En.   Total Energy    Temperature Pres. DC (bar)
   -7.81903e+05    1.40838e+05   -6.41065e+05    3.00471e+02   -7.63348e+01
 Pressure (bar)   Constr. rmsd
   -2.55714e+02    1.05881e-05

DD  step 2999 load imb.: force  2.0%

           Step           Time
           3000        6.00000

   Energies (kJ/mol)
       G96Angle    Proper Dih.  Improper Dih.          LJ-14     Coulomb-14
    3.96122e+03    2.82976e+03    1.16240e+03    9.10069e+01    3.09458e+04
        LJ (SR)  Disper. corr.   Coulomb (SR)   Coul. recip. Position Rest.
    1.19671e+05   -2.74454e+03   -9.42009e+05    1.91389e+03    1.54633e+03
      Potential    Kinetic En.   Total Energy    Temperature Pres. DC (bar)
   -7.82632e+05    1.40944e+05   -6.41688e+05    3.00697e+02   -7.63348e+01
 Pressure (bar)   Constr. rmsd
   -1.96855e+02    1.01431e-05

           Step           Time
           3500        7.00000

   Energies (kJ/mol)
       G96Angle    Proper Dih.  Improper Dih.          LJ-14     Coulomb-14
    3.87750e+03    2.84528e+03    1.19202e+03    2.01848e+01    3.10343e+04
        LJ (SR)  Disper. corr.   Coulomb (SR)   Coul. recip. Position Rest.
    1.19524e+05   -2.74454e+03   -9.42017e+05    1.91407e+03    1.49338e+03
      Potential    Kinetic En.   Total Energy    Temperature Pres. DC (bar)
   -7.82860e+05    1.40852e+05   -6.42009e+05    3.00501e+02   -7.63348e+01
 Pressure (bar)   Constr. rmsd
   -5.43493e+02    1.16127e-05

DD  step 3999 load imb.: force  3.4%

           Step           Time
           4000        8.00000

   Energies (kJ/mol)
       G96Angle    Proper Dih.  Improper Dih.          LJ-14     Coulomb-14
    4.00986e+03    2.83683e+03    1.21988e+03    1.80055e+01    3.08117e+04
        LJ (SR)  Disper. corr.   Coulomb (SR)   Coul. recip. Position Rest.
    1.19401e+05   -2.74454e+03   -9.42675e+05    1.81512e+03    1.43060e+03
      Potential    Kinetic En.   Total Energy    Temperature Pres. DC (bar)
   -7.83876e+05    1.40803e+05   -6.43073e+05    3.00397e+02   -7.63348e+01
 Pressure (bar)   Constr. rmsd
   -2.55629e+02    1.13019e-05

           Step           Time
           4500        9.00000

   Energies (kJ/mol)
       G96Angle    Proper Dih.  Improper Dih.          LJ-14     Coulomb-14
    3.90333e+03    2.89303e+03    1.18262e+03   -1.61118e+01    3.09417e+04
        LJ (SR)  Disper. corr.   Coulomb (SR)   Coul. recip. Position Rest.
    1.20739e+05   -2.74454e+03   -9.43248e+05    1.87427e+03    1.47756e+03
      Potential    Kinetic En.   Total Energy    Temperature Pres. DC (bar)
   -7.82998e+05    1.40090e+05   -6.42908e+05    2.98876e+02   -7.63348e+01
 Pressure (bar)   Constr. rmsd
   -2.82210e+02    1.11796e-05

DD  step 4999 load imb.: force  2.2%

           Step           Time
           5000       10.00000

   Energies (kJ/mol)
       G96Angle    Proper Dih.  Improper Dih.          LJ-14     Coulomb-14
    3.98636e+03    2.89803e+03    1.23737e+03   -4.70486e+01    3.09195e+04
        LJ (SR)  Disper. corr.   Coulomb (SR)   Coul. recip. Position Rest.
    1.18765e+05   -2.74454e+03   -9.40592e+05    1.84335e+03    1.46256e+03
      Potential    Kinetic En.   Total Energy    Temperature Pres. DC (bar)
   -7.82272e+05    1.40798e+05   -6.41474e+05    3.00387e+02   -7.63348e+01
 Pressure (bar)   Constr. rmsd
   -7.27829e+02    1.13932e-05

           Step           Time
           5500       11.00000

   Energies (kJ/mol)
       G96Angle    Proper Dih.  Improper Dih.          LJ-14     Coulomb-14
    3.80083e+03    2.88733e+03    1.15364e+03    8.72828e-01    3.09164e+04
        LJ (SR)  Disper. corr.   Coulomb (SR)   Coul. recip. Position Rest.
    1.20746e+05   -2.74454e+03   -9.43416e+05    1.84930e+03    1.49144e+03
      Potential    Kinetic En.   Total Energy    Temperature Pres. DC (bar)
   -7.83315e+05    1.39996e+05   -6.43320e+05    2.98674e+02   -7.63348e+01
 Pressure (bar)   Constr. rmsd
   -4.22301e+02    1.05747e-05

DD  step 5999 load imb.: force  4.6%

           Step           Time
           6000       12.00000

   Energies (kJ/mol)
       G96Angle    Proper Dih.  Improper Dih.          LJ-14     Coulomb-14
    3.88632e+03    2.88575e+03    1.18402e+03    1.11141e+01    3.09158e+04
        LJ (SR)  Disper. corr.   Coulomb (SR)   Coul. recip. Position Rest.
    1.19140e+05   -2.74454e+03   -9.41655e+05    1.78345e+03    1.46985e+03
      Potential    Kinetic En.   Total Energy    Temperature Pres. DC (bar)
   -7.83124e+05    1.40270e+05   -6.42854e+05    2.99260e+02   -7.63348e+01
 Pressure (bar)   Constr. rmsd
   -1.02768e+03    1.15150e-05

           Step           Time
           6500       13.00000

   Energies (kJ/mol)
       G96Angle    Proper Dih.  Improper Dih.          LJ-14     Coulomb-14
    3.98314e+03    2.79404e+03    1.18765e+03   -4.27959e+01    3.09317e+04
        LJ (SR)  Disper. corr.   Coulomb (SR)   Coul. recip. Position Rest.
    1.19877e+05   -2.74454e+03   -9.42841e+05    1.86356e+03    1.47733e+03
      Potential    Kinetic En.   Total Energy    Temperature Pres. DC (bar)
   -7.83515e+05    1.40410e+05   -6.43104e+05    2.99559e+02   -7.63348e+01
 Pressure (bar)   Constr. rmsd
   -6.62880e+02    1.09156e-05

DD  step 6999 load imb.: force  3.8%

           Step           Time
           7000       14.00000

   Energies (kJ/mol)
       G96Angle    Proper Dih.  Improper Dih.          LJ-14     Coulomb-14
    3.77862e+03    2.85783e+03    1.16313e+03    4.71718e+01    3.09754e+04
        LJ (SR)  Disper. corr.   Coulomb (SR)   Coul. recip. Position Rest.
    1.19089e+05   -2.74454e+03   -9.41232e+05    1.79122e+03    1.46976e+03
      Potential    Kinetic En.   Total Energy    Temperature Pres. DC (bar)
   -7.82804e+05    1.40593e+05   -6.42211e+05    2.99949e+02   -7.63348e+01
 Pressure (bar)   Constr. rmsd
   -2.30941e+02    1.07038e-05

           Step           Time
           7500       15.00000

   Energies (kJ/mol)
       G96Angle    Proper Dih.  Improper Dih.          LJ-14     Coulomb-14
    3.80120e+03    2.82386e+03    1.29411e+03   -2.91353e+01    3.09455e+04
        LJ (SR)  Disper. corr.   Coulomb (SR)   Coul. recip. Position Rest.
    1.17954e+05   -2.74454e+03   -9.39417e+05    1.82423e+03    1.52539e+03
      Potential    Kinetic En.   Total Energy    Temperature Pres. DC (bar)
   -7.82023e+05    1.40666e+05   -6.41357e+05    3.00103e+02   -7.63348e+01
 Pressure (bar)   Constr. rmsd
   -5.09308e+02    1.13813e-05

DD  step 7999 load imb.: force  2.1%

           Step           Time
           8000       16.00000

   Energies (kJ/mol)
       G96Angle    Proper Dih.  Improper Dih.          LJ-14     Coulomb-14
    3.78761e+03    2.73064e+03    1.25608e+03    9.00250e+00    3.09887e+04
        LJ (SR)  Disper. corr.   Coulomb (SR)   Coul. recip. Position Rest.
    1.19053e+05   -2.74454e+03   -9.39355e+05    1.79498e+03    1.44510e+03
      Potential    Kinetic En.   Total Energy    Temperature Pres. DC (bar)
   -7.81034e+05    1.40980e+05   -6.40054e+05    3.00774e+02   -7.63348e+01
 Pressure (bar)   Constr. rmsd
    2.17300e+00    1.09123e-05

           Step           Time
           8500       17.00000

   Energies (kJ/mol)
       G96Angle    Proper Dih.  Improper Dih.          LJ-14     Coulomb-14
    3.96394e+03    2.78273e+03    1.19855e+03    2.73609e+01    3.11092e+04
        LJ (SR)  Disper. corr.   Coulomb (SR)   Coul. recip. Position Rest.
    1.20098e+05   -2.74454e+03   -9.41732e+05    1.84759e+03    1.33515e+03
      Potential    Kinetic En.   Total Energy    Temperature Pres. DC (bar)
   -7.82113e+05    1.40696e+05   -6.41417e+05    3.00169e+02   -7.63348e+01
 Pressure (bar)   Constr. rmsd
   -7.26871e+01    1.07164e-05

DD  step 8999 load imb.: force  2.8%

           Step           Time
           9000       18.00000

   Energies (kJ/mol)
       G96Angle    Proper Dih.  Improper Dih.          LJ-14     Coulomb-14
    3.68587e+03    2.76926e+03    1.23917e+03   -5.18162e+01    3.10692e+04
        LJ (SR)  Disper. corr.   Coulomb (SR)   Coul. recip. Position Rest.
    1.18898e+05   -2.74454e+03   -9.42372e+05    1.73299e+03    1.43335e+03
      Potential    Kinetic En.   Total Energy    Temperature Pres. DC (bar)
   -7.84341e+05    1.41077e+05   -6.43265e+05    3.00980e+02   -7.63348e+01
 Pressure (bar)   Constr. rmsd
   -5.52269e+02    1.06116e-05

           Step           Time
           9500       19.00000

   Energies (kJ/mol)
       G96Angle    Proper Dih.  Improper Dih.          LJ-14     Coulomb-14
    4.00362e+03    2.74187e+03    1.23241e+03   -2.69747e+01    3.08924e+04
        LJ (SR)  Disper. corr.   Coulomb (SR)   Coul. recip. Position Rest.
    1.18915e+05   -2.74454e+03   -9.40853e+05    1.82441e+03    1.47191e+03
      Potential    Kinetic En.   Total Energy    Temperature Pres. DC (bar)
   -7.82543e+05    1.39823e+05   -6.42720e+05    2.98307e+02   -7.63348e+01
 Pressure (bar)   Constr. rmsd
   -4.45753e+02    1.09457e-05

DD  step 9999 load imb.: force  2.8%

           Step           Time
          10000       20.00000

   Energies (kJ/mol)
       G96Angle    Proper Dih.  Improper Dih.          LJ-14     Coulomb-14
    3.75776e+03    2.81354e+03    1.13640e+03    4.81231e+01    3.10325e+04
        LJ (SR)  Disper. corr.   Coulomb (SR)   Coul. recip. Position Rest.
    1.19186e+05   -2.74454e+03   -9.40486e+05    1.90114e+03    1.41134e+03
      Potential    Kinetic En.   Total Energy    Temperature Pres. DC (bar)
   -7.81943e+05    1.40758e+05   -6.41185e+05    3.00301e+02   -7.63348e+01
 Pressure (bar)   Constr. rmsd
   -2.68494e+02    1.08615e-05

           Step           Time
          10500       21.00000

   Energies (kJ/mol)
       G96Angle    Proper Dih.  Improper Dih.          LJ-14     Coulomb-14
    3.90387e+03    2.78673e+03    1.11139e+03   -3.06245e+01    3.08166e+04
        LJ (SR)  Disper. corr.   Coulomb (SR)   Coul. recip. Position Rest.
    1.18771e+05   -2.74454e+03   -9.39763e+05    1.91166e+03    1.56180e+03
      Potential    Kinetic En.   Total Energy    Temperature Pres. DC (bar)
   -7.81675e+05    1.40016e+05   -6.41659e+05    2.98718e+02   -7.63348e+01
 Pressure (bar)   Constr. rmsd
    1.16413e+02    1.07438e-05

DD  step 10999 load imb.: force  2.1%

           Step           Time
          11000       22.00000

   Energies (kJ/mol)
       G96Angle    Proper Dih.  Improper Dih.          LJ-14     Coulomb-14
    3.77129e+03    2.76539e+03    1.17195e+03    1.52273e+01    3.10217e+04
        LJ (SR)  Disper. corr.   Coulomb (SR)   Coul. recip. Position Rest.
    1.19683e+05   -2.74454e+03   -9.43030e+05    1.86689e+03    1.50659e+03
      Potential    Kinetic En.   Total Energy    Temperature Pres. DC (bar)
   -7.83973e+05    1.39688e+05   -6.44285e+05    2.98017e+02   -7.63348e+01
 Pressure (bar)   Constr. rmsd
   -6.43802e+02    1.09997e-05

           Step           Time
          11500       23.00000

   Energies (kJ/mol)
       G96Angle    Proper Dih.  Improper Dih.          LJ-14     Coulomb-14
    3.86461e+03    2.74685e+03    1.18659e+03    2.65379e+01    3.10536e+04
        LJ (SR)  Disper. corr.   Coulomb (SR)   Coul. recip. Position Rest.
    1.20560e+05   -2.74454e+03   -9.44055e+05    1.77849e+03    1.52925e+03
      Potential    Kinetic En.   Total Energy    Temperature Pres. DC (bar)
   -7.84054e+05    1.41302e+05   -6.42752e+05    3.01460e+02   -7.63348e+01
 Pressure (bar)   Constr. rmsd
   -2.83966e+02    1.09116e-05

DD  step 11999 load imb.: force  3.3%

           Step           Time
          12000       24.00000

   Energies (kJ/mol)
       G96Angle    Proper Dih.  Improper Dih.          LJ-14     Coulomb-14
    3.95079e+03    2.81174e+03    1.20974e+03    1.79806e+01    3.08514e+04
        LJ (SR)  Disper. corr.   Coulomb (SR)   Coul. recip. Position Rest.
    1.19409e+05   -2.74454e+03   -9.42972e+05    1.92930e+03    1.37765e+03
      Potential    Kinetic En.   Total Energy    Temperature Pres. DC (bar)
   -7.84159e+05    1.40763e+05   -6.43396e+05    3.00311e+02   -7.63348e+01
 Pressure (bar)   Constr. rmsd
   -2.85496e+02    1.08029e-05

           Step           Time
          12500       25.00000

   Energies (kJ/mol)
       G96Angle    Proper Dih.  Improper Dih.          LJ-14     Coulomb-14
    3.84208e+03    2.82196e+03    1.22861e+03   -6.16017e+01    3.08690e+04
        LJ (SR)  Disper. corr.   Coulomb (SR)   Coul. recip. Position Rest.
    1.19789e+05   -2.74454e+03   -9.41815e+05    1.80148e+03    1.47686e+03
      Potential    Kinetic En.   Total Energy    Temperature Pres. DC (bar)
   -7.82792e+05    1.41145e+05   -6.41648e+05    3.01126e+02   -7.63348e+01
 Pressure (bar)   Constr. rmsd
   -3.46903e+02    1.19435e-05

DD  step 12999 load imb.: force  4.0%

           Step           Time
          13000       26.00000

   Energies (kJ/mol)
       G96Angle    Proper Dih.  Improper Dih.          LJ-14     Coulomb-14
    3.84488e+03    2.81246e+03    1.20755e+03    7.41102e-01    3.10865e+04
        LJ (SR)  Disper. corr.   Coulomb (SR)   Coul. recip. Position Rest.
    1.19631e+05   -2.74454e+03   -9.42608e+05    1.85147e+03    1.43593e+03
      Potential    Kinetic En.   Total Energy    Temperature Pres. DC (bar)
   -7.83482e+05    1.40891e+05   -6.42591e+05    3.00585e+02   -7.63348e+01
 Pressure (bar)   Constr. rmsd
   -5.44903e+02    1.19878e-05

           Step           Time
          13500       27.00000

   Energies (kJ/mol)
       G96Angle    Proper Dih.  Improper Dih.          LJ-14     Coulomb-14
    3.96630e+03    2.72450e+03    1.26465e+03    7.10408e+01    3.09588e+04
        LJ (SR)  Disper. corr.   Coulomb (SR)   Coul. recip. Position Rest.
    1.16912e+05   -2.74454e+03   -9.37990e+05    1.80012e+03    1.46434e+03
      Potential    Kinetic En.   Total Energy    Temperature Pres. DC (bar)
   -7.81573e+05    1.41842e+05   -6.39731e+05    3.02614e+02   -7.63348e+01
 Pressure (bar)   Constr. rmsd
   -7.82594e+02    1.11546e-05

DD  step 13999 load imb.: force  3.1%

           Step           Time
          14000       28.00000

   Energies (kJ/mol)
       G96Angle    Proper Dih.  Improper Dih.          LJ-14     Coulomb-14
    3.94512e+03    2.70615e+03    1.25213e+03   -2.57935e+01    3.10158e+04
        LJ (SR)  Disper. corr.   Coulomb (SR)   Coul. recip. Position Rest.
    1.20106e+05   -2.74454e+03   -9.43996e+05    1.82072e+03    1.41558e+03
      Potential    Kinetic En.   Total Energy    Temperature Pres. DC (bar)
   -7.84504e+05    1.40805e+05   -6.43699e+05    3.00401e+02   -7.63348e+01
 Pressure (bar)   Constr. rmsd
   -6.23809e+02    1.11629e-05

           Step           Time
          14500       29.00000

   Energies (kJ/mol)
       G96Angle    Proper Dih.  Improper Dih.          LJ-14     Coulomb-14
    3.86839e+03    2.79071e+03    1.16919e+03   -2.83826e+00    3.11234e+04
        LJ (SR)  Disper. corr.   Coulomb (SR)   Coul. recip. Position Rest.
    1.19026e+05   -2.74454e+03   -9.42195e+05    1.85342e+03    1.54501e+03
      Potential    Kinetic En.   Total Energy    Temperature Pres. DC (bar)
   -7.83566e+05    1.41702e+05   -6.41864e+05    3.02314e+02   -7.63348e+01
 Pressure (bar)   Constr. rmsd
   -6.11448e+02    1.11185e-05

DD  step 14999 load imb.: force  3.1%

           Step           Time
          15000       30.00000

   Energies (kJ/mol)
       G96Angle    Proper Dih.  Improper Dih.          LJ-14     Coulomb-14
    3.88658e+03    2.84120e+03    1.15197e+03   -4.56237e+01    3.09370e+04
        LJ (SR)  Disper. corr.   Coulomb (SR)   Coul. recip. Position Rest.
    1.19984e+05   -2.74454e+03   -9.44530e+05    1.95234e+03    1.46958e+03
      Potential    Kinetic En.   Total Energy    Temperature Pres. DC (bar)
   -7.85098e+05    1.40992e+05   -6.44106e+05    3.00799e+02   -7.63348e+01
 Pressure (bar)   Constr. rmsd
   -5.31549e+02    1.04873e-05

           Step           Time
          15500       31.00000

   Energies (kJ/mol)
       G96Angle    Proper Dih.  Improper Dih.          LJ-14     Coulomb-14
    3.72579e+03    2.78736e+03    1.15925e+03    8.53448e+01    3.10415e+04
        LJ (SR)  Disper. corr.   Coulomb (SR)   Coul. recip. Position Rest.
    1.20058e+05   -2.74454e+03   -9.43297e+05    1.84407e+03    1.42568e+03
      Potential    Kinetic En.   Total Energy    Temperature Pres. DC (bar)
   -7.83914e+05    1.40360e+05   -6.43554e+05    2.99451e+02   -7.63348e+01
 Pressure (bar)   Constr. rmsd
   -2.58078e+02    1.08239e-05

DD  step 15999 load imb.: force  3.2%

           Step           Time
          16000       32.00000

   Energies (kJ/mol)
       G96Angle    Proper Dih.  Improper Dih.          LJ-14     Coulomb-14
    3.88457e+03    2.79198e+03    1.17691e+03   -1.44573e+01    3.10858e+04
        LJ (SR)  Disper. corr.   Coulomb (SR)   Coul. recip. Position Rest.
    1.19480e+05   -2.74454e+03   -9.41479e+05    1.86173e+03    1.46101e+03
      Potential    Kinetic En.   Total Energy    Temperature Pres. DC (bar)
   -7.82496e+05    1.40163e+05   -6.42333e+05    2.99031e+02   -7.63348e+01
 Pressure (bar)   Constr. rmsd
   -6.69043e+02    1.07049e-05

           Step           Time
          16500       33.00000

   Energies (kJ/mol)
       G96Angle    Proper Dih.  Improper Dih.          LJ-14     Coulomb-14
    3.76391e+03    2.75468e+03    1.15084e+03   -3.51444e+00    3.09517e+04
        LJ (SR)  Disper. corr.   Coulomb (SR)   Coul. recip. Position Rest.
    1.19985e+05   -2.74454e+03   -9.42942e+05    1.86855e+03    1.43406e+03
      Potential    Kinetic En.   Total Energy    Temperature Pres. DC (bar)
   -7.83782e+05    1.40788e+05   -6.42993e+05    3.00366e+02   -7.63348e+01
 Pressure (bar)   Constr. rmsd
   -9.53919e+02    1.08378e-05

DD  step 16999 load imb.: force  2.8%

           Step           Time
          17000       34.00000

   Energies (kJ/mol)
       G96Angle    Proper Dih.  Improper Dih.          LJ-14     Coulomb-14
    3.84577e+03    2.65713e+03    1.17881e+03   -1.10463e+01    3.10105e+04
        LJ (SR)  Disper. corr.   Coulomb (SR)   Coul. recip. Position Rest.
    1.19728e+05   -2.74454e+03   -9.43248e+05    1.81384e+03    1.39547e+03
      Potential    Kinetic En.   Total Energy    Temperature Pres. DC (bar)
   -7.84374e+05    1.41036e+05   -6.43338e+05    3.00894e+02   -7.63348e+01
 Pressure (bar)   Constr. rmsd
   -6.00620e+02    1.04410e-05

           Step           Time
          17500       35.00000

   Energies (kJ/mol)
       G96Angle    Proper Dih.  Improper Dih.          LJ-14     Coulomb-14
    3.92950e+03    2.69929e+03    1.08887e+03   -9.70187e+00    3.10198e+04
        LJ (SR)  Disper. corr.   Coulomb (SR)   Coul. recip. Position Rest.
    1.19995e+05   -2.74454e+03   -9.44235e+05    1.84706e+03    1.37851e+03
      Potential    Kinetic En.   Total Energy    Temperature Pres. DC (bar)
   -7.85031e+05    1.40918e+05   -6.44113e+05    3.00642e+02   -7.63348e+01
 Pressure (bar)   Constr. rmsd
   -5.83299e+02    1.07872e-05

DD  step 17999 load imb.: force  2.9%

           Step           Time
          18000       36.00000

   Energies (kJ/mol)
       G96Angle    Proper Dih.  Improper Dih.          LJ-14     Coulomb-14
    3.87951e+03    2.73288e+03    1.12684e+03    1.09483e+02    3.09519e+04
        LJ (SR)  Disper. corr.   Coulomb (SR)   Coul. recip. Position Rest.
    1.18980e+05   -2.74454e+03   -9.39558e+05    1.88180e+03    1.54250e+03
      Potential    Kinetic En.   Total Energy    Temperature Pres. DC (bar)
   -7.81098e+05    1.40833e+05   -6.40265e+05    3.00460e+02   -7.63348e+01
 Pressure (bar)   Constr. rmsd
   -5.15421e+02    1.12276e-05

           Step           Time
          18500       37.00000

   Energies (kJ/mol)
       G96Angle    Proper Dih.  Improper Dih.          LJ-14     Coulomb-14
    3.79646e+03    2.74002e+03    1.19126e+03   -7.66511e+00    3.09406e+04
        LJ (SR)  Disper. corr.   Coulomb (SR)   Coul. recip. Position Rest.
    1.19463e+05   -2.74454e+03   -9.42247e+05    1.85454e+03    1.42991e+03
      Potential    Kinetic En.   Total Energy    Temperature Pres. DC (bar)
   -7.83583e+05    1.40762e+05   -6.42821e+05    3.00309e+02   -7.63348e+01
 Pressure (bar)   Constr. rmsd
   -6.86704e+02    1.11014e-05

DD  step 18999 load imb.: force  3.3%

           Step           Time
          19000       38.00000

   Energies (kJ/mol)
       G96Angle    Proper Dih.  Improper Dih.          LJ-14     Coulomb-14
    3.97799e+03    2.80463e+03    1.16781e+03   -8.68320e+01    3.07782e+04
        LJ (SR)  Disper. corr.   Coulomb (SR)   Coul. recip. Position Rest.
    1.18232e+05   -2.74454e+03   -9.40481e+05    1.81401e+03    1.41915e+03
      Potential    Kinetic En.   Total Energy    Temperature Pres. DC (bar)
   -7.83119e+05    1.40866e+05   -6.42253e+05    3.00531e+02   -7.63348e+01
 Pressure (bar)   Constr. rmsd
   -4.25963e+02    1.10579e-05

           Step           Time
          19500       39.00000

   Energies (kJ/mol)
       G96Angle    Proper Dih.  Improper Dih.          LJ-14     Coulomb-14
    3.93179e+03    2.71952e+03    1.16103e+03    9.89166e+01    3.09320e+04
        LJ (SR)  Disper. corr.   Coulomb (SR)   Coul. recip. Position Rest.
    1.16985e+05   -2.74454e+03   -9.40415e+05    1.80693e+03    1.51807e+03
      Potential    Kinetic En.   Total Energy    Temperature Pres. DC (bar)
   -7.84006e+05    1.40959e+05   -6.43048e+05    3.00729e+02   -7.63348e+01
 Pressure (bar)   Constr. rmsd
   -7.38295e+02    1.08997e-05

DD  step 19999 load imb.: force  2.6%

           Step           Time
          20000       40.00000

   Energies (kJ/mol)
       G96Angle    Proper Dih.  Improper Dih.          LJ-14     Coulomb-14
    3.88919e+03    2.77476e+03    1.19667e+03    5.04434e+01    3.08120e+04
        LJ (SR)  Disper. corr.   Coulomb (SR)   Coul. recip. Position Rest.
    1.18295e+05   -2.74454e+03   -9.40586e+05    1.86233e+03    1.47073e+03
      Potential    Kinetic En.   Total Energy    Temperature Pres. DC (bar)
   -7.82980e+05    1.40282e+05   -6.42698e+05    2.99285e+02   -7.63348e+01
 Pressure (bar)   Constr. rmsd
   -3.49188e+02    1.13185e-05

           Step           Time
          20500       41.00000

   Energies (kJ/mol)
       G96Angle    Proper Dih.  Improper Dih.          LJ-14     Coulomb-14
    3.90462e+03    2.87446e+03    1.14934e+03   -2.11672e+00    3.09633e+04
        LJ (SR)  Disper. corr.   Coulomb (SR)   Coul. recip. Position Rest.
    1.17605e+05   -2.74454e+03   -9.41333e+05    1.80478e+03    1.42985e+03
      Potential    Kinetic En.   Total Energy    Temperature Pres. DC (bar)
   -7.84348e+05    1.41378e+05   -6.42971e+05    3.01623e+02   -7.63348e+01
 Pressure (bar)   Constr. rmsd
   -8.19875e+02    1.07118e-05

DD  step 20999 load imb.: force  3.7%

           Step           Time
          21000       42.00000

   Energies (kJ/mol)
       G96Angle    Proper Dih.  Improper Dih.          LJ-14     Coulomb-14
    3.73170e+03    2.77637e+03    1.13946e+03    2.38634e+01    3.10506e+04
        LJ (SR)  Disper. corr.   Coulomb (SR)   Coul. recip. Position Rest.
    1.19050e+05   -2.74454e+03   -9.42156e+05    1.82864e+03    1.40493e+03
      Potential    Kinetic En.   Total Energy    Temperature Pres. DC (bar)
   -7.83895e+05    1.40549e+05   -6.43346e+05    2.99855e+02   -7.63348e+01
 Pressure (bar)   Constr. rmsd
   -1.74168e+02    1.03732e-05

           Step           Time
          21500       43.00000

   Energies (kJ/mol)
       G96Angle    Proper Dih.  Improper Dih.          LJ-14     Coulomb-14
    3.61367e+03    2.75777e+03    1.11752e+03    2.65514e+01    3.10267e+04
        LJ (SR)  Disper. corr.   Coulomb (SR)   Coul. recip. Position Rest.
    1.19547e+05   -2.74454e+03   -9.43176e+05    1.87184e+03    1.42564e+03
      Potential    Kinetic En.   Total Energy    Temperature Pres. DC (bar)
   -7.84534e+05    1.40748e+05   -6.43786e+05    3.00279e+02   -7.63348e+01
 Pressure (bar)   Constr. rmsd
   -7.00476e+02    1.08050e-05

DD  step 21999 load imb.: force  3.1%

           Step           Time
          22000       44.00000

   Energies (kJ/mol)
       G96Angle    Proper Dih.  Improper Dih.          LJ-14     Coulomb-14
    4.09200e+03    2.71430e+03    1.16519e+03   -3.00449e+01    3.08600e+04
        LJ (SR)  Disper. corr.   Coulomb (SR)   Coul. recip. Position Rest.
    1.21028e+05   -2.74454e+03   -9.43896e+05    1.90553e+03    1.42219e+03
      Potential    Kinetic En.   Total Energy    Temperature Pres. DC (bar)
   -7.83483e+05    1.40630e+05   -6.42853e+05    3.00028e+02   -7.63348e+01
 Pressure (bar)   Constr. rmsd
   -3.94959e+02    1.13308e-05

           Step           Time
          22500       45.00000

   Energies (kJ/mol)
       G96Angle    Proper Dih.  Improper Dih.          LJ-14     Coulomb-14
    3.86242e+03    2.77284e+03    1.19331e+03    2.42252e+01    3.10111e+04
        LJ (SR)  Disper. corr.   Coulomb (SR)   Coul. recip. Position Rest.
    1.19083e+05   -2.74454e+03   -9.41521e+05    1.88528e+03    1.50405e+03
      Potential    Kinetic En.   Total Energy    Temperature Pres. DC (bar)
   -7.82930e+05    1.38797e+05   -6.44133e+05    2.96117e+02   -7.63348e+01
 Pressure (bar)   Constr. rmsd
   -5.16156e+02    1.06545e-05

DD  step 22999 load imb.: force  3.2%

           Step           Time
          23000       46.00000

   Energies (kJ/mol)
       G96Angle    Proper Dih.  Improper Dih.          LJ-14     Coulomb-14
    3.95754e+03    2.73425e+03    1.14874e+03   -1.53429e+01    3.08674e+04
        LJ (SR)  Disper. corr.   Coulomb (SR)   Coul. recip. Position Rest.
    1.18881e+05   -2.74454e+03   -9.41364e+05    1.86040e+03    1.45820e+03
      Potential    Kinetic En.   Total Energy    Temperature Pres. DC (bar)
   -7.83216e+05    1.41277e+05   -6.41940e+05    3.01408e+02   -7.63348e+01
 Pressure (bar)   Constr. rmsd
   -5.98021e+02    1.12409e-05

           Step           Time
          23500       47.00000

   Energies (kJ/mol)
       G96Angle    Proper Dih.  Improper Dih.          LJ-14     Coulomb-14
    3.95761e+03    2.74880e+03    1.18557e+03   -5.28914e+00    3.10175e+04
        LJ (SR)  Disper. corr.   Coulomb (SR)   Coul. recip. Position Rest.
    1.19203e+05   -2.74454e+03   -9.42621e+05    1.81239e+03    1.47669e+03
      Potential    Kinetic En.   Total Energy    Temperature Pres. DC (bar)
   -7.83969e+05    1.41335e+05   -6.42634e+05    3.01531e+02   -7.63348e+01
 Pressure (bar)   Constr. rmsd
   -4.61340e+02    1.04747e-05

DD  step 23999 load imb.: force  4.0%

           Step           Time
          24000       48.00000

   Energies (kJ/mol)
       G96Angle    Proper Dih.  Improper Dih.          LJ-14     Coulomb-14
    3.88231e+03    2.70876e+03    1.12777e+03   -1.81577e+01    3.10842e+04
        LJ (SR)  Disper. corr.   Coulomb (SR)   Coul. recip. Position Rest.
    1.17732e+05   -2.74454e+03   -9.38817e+05    1.83932e+03    1.42657e+03
      Potential    Kinetic En.   Total Energy    Temperature Pres. DC (bar)
   -7.81779e+05    1.40573e+05   -6.41206e+05    2.99905e+02   -7.63348e+01
 Pressure (bar)   Constr. rmsd
   -4.54813e+02    1.03967e-05

           Step           Time
          24500       49.00000

   Energies (kJ/mol)
       G96Angle    Proper Dih.  Improper Dih.          LJ-14     Coulomb-14
    3.84732e+03    2.74242e+03    1.18752e+03   -3.85084e+01    3.10416e+04
        LJ (SR)  Disper. corr.   Coulomb (SR)   Coul. recip. Position Rest.
    1.19203e+05   -2.74454e+03   -9.41191e+05    1.81398e+03    1.40773e+03
      Potential    Kinetic En.   Total Energy    Temperature Pres. DC (bar)
   -7.82730e+05    1.40670e+05   -6.42060e+05    3.00112e+02   -7.63348e+01
 Pressure (bar)   Constr. rmsd
   -2.28204e+02    1.08988e-05

DD  step 24999 load imb.: force  2.6%

           Step           Time
          25000       50.00000

   Energies (kJ/mol)
       G96Angle    Proper Dih.  Improper Dih.          LJ-14     Coulomb-14
    4.00379e+03    2.73040e+03    1.23875e+03    5.52505e+00    3.09319e+04
        LJ (SR)  Disper. corr.   Coulomb (SR)   Coul. recip. Position Rest.
    1.17698e+05   -2.74454e+03   -9.40526e+05    1.87350e+03    1.47436e+03
      Potential    Kinetic En.   Total Energy    Temperature Pres. DC (bar)
   -7.83315e+05    1.40119e+05   -6.43196e+05    2.98937e+02   -7.63348e+01
 Pressure (bar)   Constr. rmsd
   -7.17787e+01    1.05515e-05

           Step           Time
          25500       51.00000

   Energies (kJ/mol)
       G96Angle    Proper Dih.  Improper Dih.          LJ-14     Coulomb-14
    3.80549e+03    2.73786e+03    1.13577e+03    2.74780e+01    3.10362e+04
        LJ (SR)  Disper. corr.   Coulomb (SR)   Coul. recip. Position Rest.
    1.18590e+05   -2.74454e+03   -9.41015e+05    1.80829e+03    1.49960e+03
      Potential    Kinetic En.   Total Energy    Temperature Pres. DC (bar)
   -7.83118e+05    1.41296e+05   -6.41822e+05    3.01449e+02   -7.63348e+01
 Pressure (bar)   Constr. rmsd
   -5.94958e+02    1.14648e-05

DD  step 25999 load imb.: force  2.7%

           Step           Time
          26000       52.00000

   Energies (kJ/mol)
       G96Angle    Proper Dih.  Improper Dih.          LJ-14     Coulomb-14
    4.11350e+03    2.68038e+03    1.18398e+03    1.80828e+01    3.09502e+04
        LJ (SR)  Disper. corr.   Coulomb (SR)   Coul. recip. Position Rest.
    1.18203e+05   -2.74454e+03   -9.41169e+05    1.83402e+03    1.42470e+03
      Potential    Kinetic En.   Total Energy    Temperature Pres. DC (bar)
   -7.83505e+05    1.41017e+05   -6.42488e+05    3.00853e+02   -7.63348e+01
 Pressure (bar)   Constr. rmsd
   -7.99835e+02    1.06917e-05

           Step           Time
          26500       53.00000

   Energies (kJ/mol)
       G96Angle    Proper Dih.  Improper Dih.          LJ-14     Coulomb-14
    3.87061e+03    2.70586e+03    1.16319e+03    1.92464e+01    3.09175e+04
        LJ (SR)  Disper. corr.   Coulomb (SR)   Coul. recip. Position Rest.
    1.19325e+05   -2.74454e+03   -9.42271e+05    1.91458e+03    1.42792e+03
      Potential    Kinetic En.   Total Energy    Temperature Pres. DC (bar)
   -7.83672e+05    1.41879e+05   -6.41794e+05    3.02691e+02   -7.63348e+01
 Pressure (bar)   Constr. rmsd
   -7.47290e+02    1.10629e-05

DD  step 26999 load imb.: force  2.9%

           Step           Time
          27000       54.00000

   Energies (kJ/mol)
       G96Angle    Proper Dih.  Improper Dih.          LJ-14     Coulomb-14
    3.78452e+03    2.73196e+03    1.23083e+03    2.44734e+01    3.09300e+04
        LJ (SR)  Disper. corr.   Coulomb (SR)   Coul. recip. Position Rest.
    1.19512e+05   -2.74454e+03   -9.42761e+05    1.80431e+03    1.54756e+03
      Potential    Kinetic En.   Total Energy    Temperature Pres. DC (bar)
   -7.83940e+05    1.40904e+05   -6.43036e+05    3.00612e+02   -7.63348e+01
 Pressure (bar)   Constr. rmsd
   -1.62275e+02    1.07887e-05

           Step           Time
          27500       55.00000

   Energies (kJ/mol)
       G96Angle    Proper Dih.  Improper Dih.          LJ-14     Coulomb-14
    3.75295e+03    2.74909e+03    1.17830e+03   -5.66793e+00    3.10186e+04
        LJ (SR)  Disper. corr.   Coulomb (SR)   Coul. recip. Position Rest.
    1.19421e+05   -2.74454e+03   -9.43242e+05    1.90932e+03    1.45962e+03
      Potential    Kinetic En.   Total Energy    Temperature Pres. DC (bar)
   -7.84504e+05    1.41575e+05   -6.42929e+05    3.02043e+02   -7.63348e+01
 Pressure (bar)   Constr. rmsd
   -4.73098e+02    1.12682e-05

DD  step 27999 load imb.: force  2.5%

           Step           Time
          28000       56.00000

   Energies (kJ/mol)
       G96Angle    Proper Dih.  Improper Dih.          LJ-14     Coulomb-14
    3.84090e+03    2.82171e+03    1.14276e+03   -1.34418e+00    3.09122e+04
        LJ (SR)  Disper. corr.   Coulomb (SR)   Coul. recip. Position Rest.
    1.18926e+05   -2.74454e+03   -9.40191e+05    1.78377e+03    1.47252e+03
      Potential    Kinetic En.   Total Energy    Temperature Pres. DC (bar)
   -7.82037e+05    1.41336e+05   -6.40701e+05    3.01534e+02   -7.63348e+01
 Pressure (bar)   Constr. rmsd
   -1.53936e+02    1.08336e-05

           Step           Time
          28500       57.00000

   Energies (kJ/mol)
       G96Angle    Proper Dih.  Improper Dih.          LJ-14     Coulomb-14
    3.92330e+03    2.83772e+03    1.15785e+03    1.71824e+01    3.09675e+04
        LJ (SR)  Disper. corr.   Coulomb (SR)   Coul. recip. Position Rest.
    1.19165e+05   -2.74454e+03   -9.41230e+05    1.87625e+03    1.41933e+03
      Potential    Kinetic En.   Total Energy    Temperature Pres. DC (bar)
   -7.82611e+05    1.40935e+05   -6.41676e+05    3.00678e+02   -7.63348e+01
 Pressure (bar)   Constr. rmsd
   -3.80940e+02    1.13186e-05

DD  step 28999 load imb.: force  3.9%

           Step           Time
          29000       58.00000

   Energies (kJ/mol)
       G96Angle    Proper Dih.  Improper Dih.          LJ-14     Coulomb-14
    3.85573e+03    2.71084e+03    1.28871e+03   -3.52796e+01    3.07882e+04
        LJ (SR)  Disper. corr.   Coulomb (SR)   Coul. recip. Position Rest.
    1.20628e+05   -2.74454e+03   -9.42646e+05    1.85748e+03    1.46973e+03
      Potential    Kinetic En.   Total Energy    Temperature Pres. DC (bar)
   -7.82827e+05    1.40331e+05   -6.42496e+05    2.99390e+02   -7.63348e+01
 Pressure (bar)   Constr. rmsd
   -7.08157e+02    1.17028e-05

           Step           Time
          29500       59.00000

   Energies (kJ/mol)
       G96Angle    Proper Dih.  Improper Dih.          LJ-14     Coulomb-14
    3.82386e+03    2.74917e+03    1.14797e+03   -8.05075e+01    3.09387e+04
        LJ (SR)  Disper. corr.   Coulomb (SR)   Coul. recip. Position Rest.
    1.20055e+05   -2.74454e+03   -9.42634e+05    1.88974e+03    1.39619e+03
      Potential    Kinetic En.   Total Energy    Temperature Pres. DC (bar)
   -7.83458e+05    1.40721e+05   -6.42737e+05    3.00222e+02   -7.63348e+01
 Pressure (bar)   Constr. rmsd
   -5.87461e+02    1.03205e-05

DD  step 29999 load imb.: force  3.9%

           Step           Time
          30000       60.00000

   Energies (kJ/mol)
       G96Angle    Proper Dih.  Improper Dih.          LJ-14     Coulomb-14
    4.00473e+03    2.81331e+03    1.19426e+03   -2.67330e+01    3.08457e+04
        LJ (SR)  Disper. corr.   Coulomb (SR)   Coul. recip. Position Rest.
    1.20256e+05   -2.74454e+03   -9.43096e+05    1.82249e+03    1.42745e+03
      Potential    Kinetic En.   Total Energy    Temperature Pres. DC (bar)
   -7.83504e+05    1.41167e+05   -6.42337e+05    3.01173e+02   -7.63348e+01
 Pressure (bar)   Constr. rmsd
   -4.20389e+02    1.29071e-05

           Step           Time
          30500       61.00000

   Energies (kJ/mol)
       G96Angle    Proper Dih.  Improper Dih.          LJ-14     Coulomb-14
    3.82442e+03    2.82204e+03    1.12700e+03   -3.96871e+01    3.09956e+04
        LJ (SR)  Disper. corr.   Coulomb (SR)   Coul. recip. Position Rest.
    1.19048e+05   -2.74454e+03   -9.42818e+05    1.89415e+03    1.48744e+03
      Potential    Kinetic En.   Total Energy    Temperature Pres. DC (bar)
   -7.84404e+05    1.40207e+05   -6.44197e+05    2.99125e+02   -7.63348e+01
 Pressure (bar)   Constr. rmsd
   -3.64669e+02    1.16611e-05

DD  step 30999 load imb.: force  4.4%

           Step           Time
          31000       62.00000

   Energies (kJ/mol)
       G96Angle    Proper Dih.  Improper Dih.          LJ-14     Coulomb-14
    3.88694e+03    2.79239e+03    1.13706e+03   -3.48063e+01    3.10735e+04
        LJ (SR)  Disper. corr.   Coulomb (SR)   Coul. recip. Position Rest.
    1.18897e+05   -2.74454e+03   -9.42640e+05    1.84332e+03    1.48920e+03
      Potential    Kinetic En.   Total Energy    Temperature Pres. DC (bar)
   -7.84300e+05    1.40167e+05   -6.44134e+05    2.99039e+02   -7.63348e+01
 Pressure (bar)   Constr. rmsd
   -6.90931e+02    1.11605e-05

           Step           Time
          31500       63.00000

   Energies (kJ/mol)
       G96Angle    Proper Dih.  Improper Dih.          LJ-14     Coulomb-14
    3.84950e+03    2.79907e+03    1.14198e+03   -7.82011e+01    3.09377e+04
        LJ (SR)  Disper. corr.   Coulomb (SR)   Coul. recip. Position Rest.
    1.19389e+05   -2.74454e+03   -9.42604e+05    1.85776e+03    1.44322e+03
      Potential    Kinetic En.   Total Energy    Temperature Pres. DC (bar)
   -7.84009e+05    1.40580e+05   -6.43429e+05    2.99920e+02   -7.63348e+01
 Pressure (bar)   Constr. rmsd
   -5.58237e+02    1.15683e-05

Writing checkpoint, step 31920 at Sat Apr  8 13:51:56 2017


DD  step 31999 load imb.: force  3.9%

           Step           Time
          32000       64.00000

   Energies (kJ/mol)
       G96Angle    Proper Dih.  Improper Dih.          LJ-14     Coulomb-14
    3.97087e+03    2.79242e+03    1.18426e+03    2.70040e+01    3.09125e+04
        LJ (SR)  Disper. corr.   Coulomb (SR)   Coul. recip. Position Rest.
    1.18877e+05   -2.74454e+03   -9.41716e+05    1.82259e+03    1.52227e+03
      Potential    Kinetic En.   Total Energy    Temperature Pres. DC (bar)
   -7.83351e+05    1.41742e+05   -6.41609e+05    3.02401e+02   -7.63348e+01
 Pressure (bar)   Constr. rmsd
   -4.69803e+02    1.09839e-05

           Step           Time
          32500       65.00000

   Energies (kJ/mol)
       G96Angle    Proper Dih.  Improper Dih.          LJ-14     Coulomb-14
    4.11976e+03    2.70945e+03    1.14228e+03    1.68893e+01    3.09470e+04
        LJ (SR)  Disper. corr.   Coulomb (SR)   Coul. recip. Position Rest.
    1.19142e+05   -2.74454e+03   -9.41572e+05    1.83479e+03    1.45921e+03
      Potential    Kinetic En.   Total Energy    Temperature Pres. DC (bar)
   -7.82945e+05    1.39887e+05   -6.43058e+05    2.98442e+02   -7.63348e+01
 Pressure (bar)   Constr. rmsd
   -2.12863e+02    1.12493e-05

DD  step 32999 load imb.: force  3.0%

           Step           Time
          33000       66.00000

   Energies (kJ/mol)
       G96Angle    Proper Dih.  Improper Dih.          LJ-14     Coulomb-14
    3.70723e+03    2.80024e+03    1.17634e+03    1.81835e+01    3.09966e+04
        LJ (SR)  Disper. corr.   Coulomb (SR)   Coul. recip. Position Rest.
    1.20245e+05   -2.74454e+03   -9.42184e+05    1.94299e+03    1.46069e+03
      Potential    Kinetic En.   Total Energy    Temperature Pres. DC (bar)
   -7.82581e+05    1.40282e+05   -6.42299e+05    2.99285e+02   -7.63348e+01
 Pressure (bar)   Constr. rmsd
   -4.75862e+02    1.08629e-05

           Step           Time
          33500       67.00000

   Energies (kJ/mol)
       G96Angle    Proper Dih.  Improper Dih.          LJ-14     Coulomb-14
    3.85490e+03    2.73629e+03    1.22620e+03   -2.81777e+01    3.09957e+04
        LJ (SR)  Disper. corr.   Coulomb (SR)   Coul. recip. Position Rest.
    1.20092e+05   -2.74454e+03   -9.42342e+05    1.91458e+03    1.49287e+03
      Potential    Kinetic En.   Total Energy    Temperature Pres. DC (bar)
   -7.82802e+05    1.42020e+05   -6.40782e+05    3.02992e+02   -7.63348e+01
 Pressure (bar)   Constr. rmsd
   -3.69474e+02    1.12519e-05

DD  step 33999 load imb.: force  2.4%

           Step           Time
          34000       68.00000

   Energies (kJ/mol)
       G96Angle    Proper Dih.  Improper Dih.          LJ-14     Coulomb-14
    3.88956e+03    2.81421e+03    1.18746e+03   -2.38736e+01    3.08433e+04
        LJ (SR)  Disper. corr.   Coulomb (SR)   Coul. recip. Position Rest.
    1.17623e+05   -2.74454e+03   -9.39350e+05    1.77289e+03    1.43836e+03
      Potential    Kinetic En.   Total Energy    Temperature Pres. DC (bar)
   -7.82549e+05    1.40761e+05   -6.41788e+05    3.00308e+02   -7.63348e+01
 Pressure (bar)   Constr. rmsd
   -5.92649e+02    1.11851e-05

           Step           Time
          34500       69.00000

   Energies (kJ/mol)
       G96Angle    Proper Dih.  Improper Dih.          LJ-14     Coulomb-14
    3.97448e+03    2.78053e+03    1.20201e+03   -2.23308e+01    3.09544e+04
        LJ (SR)  Disper. corr.   Coulomb (SR)   Coul. recip. Position Rest.
    1.19256e+05   -2.74454e+03   -9.41399e+05    1.84136e+03    1.39177e+03
      Potential    Kinetic En.   Total Energy    Temperature Pres. DC (bar)
   -7.82764e+05    1.41587e+05   -6.41178e+05    3.02068e+02   -7.63348e+01
 Pressure (bar)   Constr. rmsd
   -4.46239e+02    1.04495e-05

DD  step 34999 load imb.: force  3.9%

           Step           Time
          35000       70.00000

   Energies (kJ/mol)
       G96Angle    Proper Dih.  Improper Dih.          LJ-14     Coulomb-14
    3.93884e+03    2.83641e+03    1.19406e+03   -1.72598e+01    3.08104e+04
        LJ (SR)  Disper. corr.   Coulomb (SR)   Coul. recip. Position Rest.
    1.18173e+05   -2.74454e+03   -9.40537e+05    1.86558e+03    1.44925e+03
      Potential    Kinetic En.   Total Energy    Temperature Pres. DC (bar)
   -7.83031e+05    1.40784e+05   -6.42246e+05    3.00357e+02   -7.63348e+01
 Pressure (bar)   Constr. rmsd
   -6.69389e+02    1.09933e-05

           Step           Time
          35500       71.00000

   Energies (kJ/mol)
       G96Angle    Proper Dih.  Improper Dih.          LJ-14     Coulomb-14
    3.94381e+03    2.72959e+03    1.16851e+03   -3.58887e+01    3.09402e+04
        LJ (SR)  Disper. corr.   Coulomb (SR)   Coul. recip. Position Rest.
    1.18111e+05   -2.74454e+03   -9.40776e+05    1.90203e+03    1.40556e+03
      Potential    Kinetic En.   Total Energy    Temperature Pres. DC (bar)
   -7.83355e+05    1.41022e+05   -6.42333e+05    3.00864e+02   -7.63348e+01
 Pressure (bar)   Constr. rmsd
   -3.81167e+02    1.05499e-05

DD  step 35999 load imb.: force  1.8%

           Step           Time
          36000       72.00000

   Energies (kJ/mol)
       G96Angle    Proper Dih.  Improper Dih.          LJ-14     Coulomb-14
    3.87360e+03    2.73992e+03    1.31090e+03   -7.75668e+01    3.10804e+04
        LJ (SR)  Disper. corr.   Coulomb (SR)   Coul. recip. Position Rest.
    1.18635e+05   -2.74454e+03   -9.41202e+05    1.80222e+03    1.47267e+03
      Potential    Kinetic En.   Total Energy    Temperature Pres. DC (bar)
   -7.83109e+05    1.40618e+05   -6.42491e+05    3.00002e+02   -7.63348e+01
 Pressure (bar)   Constr. rmsd
   -2.93896e+02    1.11856e-05

           Step           Time
          36500       73.00000

   Energies (kJ/mol)
       G96Angle    Proper Dih.  Improper Dih.          LJ-14     Coulomb-14
    3.90148e+03    2.74828e+03    1.26442e+03   -3.50091e+01    3.09125e+04
        LJ (SR)  Disper. corr.   Coulomb (SR)   Coul. recip. Position Rest.
    1.20359e+05   -2.74454e+03   -9.43582e+05    1.82398e+03    1.51236e+03
      Potential    Kinetic En.   Total Energy    Temperature Pres. DC (bar)
   -7.83840e+05    1.41006e+05   -6.42834e+05    3.00830e+02   -7.63348e+01
 Pressure (bar)   Constr. rmsd
   -1.05933e+01    1.05588e-05

DD  step 36999 load imb.: force  2.5%

           Step           Time
          37000       74.00000

   Energies (kJ/mol)
       G96Angle    Proper Dih.  Improper Dih.          LJ-14     Coulomb-14
    3.94363e+03    2.63753e+03    1.28251e+03    4.04353e+01    3.09533e+04
        LJ (SR)  Disper. corr.   Coulomb (SR)   Coul. recip. Position Rest.
    1.17849e+05   -2.74454e+03   -9.38826e+05    1.87680e+03    1.50302e+03
      Potential    Kinetic En.   Total Energy    Temperature Pres. DC (bar)
   -7.81484e+05    1.40334e+05   -6.41150e+05    2.99396e+02   -7.63348e+01
 Pressure (bar)   Constr. rmsd
   -6.30421e+02    1.10809e-05

           Step           Time
          37500       75.00000

   Energies (kJ/mol)
       G96Angle    Proper Dih.  Improper Dih.          LJ-14     Coulomb-14
    3.99145e+03    2.63747e+03    1.15865e+03    6.36423e+01    3.08579e+04
        LJ (SR)  Disper. corr.   Coulomb (SR)   Coul. recip. Position Rest.
    1.18204e+05   -2.74454e+03   -9.39332e+05    1.87128e+03    1.43118e+03
      Potential    Kinetic En.   Total Energy    Temperature Pres. DC (bar)
   -7.81861e+05    1.41362e+05   -6.40499e+05    3.01589e+02   -7.63348e+01
 Pressure (bar)   Constr. rmsd
   -3.61006e+02    1.05442e-05

DD  step 37999 load imb.: force  3.1%

           Step           Time
          38000       76.00000

   Energies (kJ/mol)
       G96Angle    Proper Dih.  Improper Dih.          LJ-14     Coulomb-14
    3.76893e+03    2.78266e+03    1.11618e+03   -1.97377e+01    3.08888e+04
        LJ (SR)  Disper. corr.   Coulomb (SR)   Coul. recip. Position Rest.
    1.18862e+05   -2.74454e+03   -9.41269e+05    1.82407e+03    1.48553e+03
      Potential    Kinetic En.   Total Energy    Temperature Pres. DC (bar)
   -7.83305e+05    1.41211e+05   -6.42094e+05    3.01267e+02   -7.63348e+01
 Pressure (bar)   Constr. rmsd
   -5.48140e+02    1.12005e-05

           Step           Time
          38500       77.00000

   Energies (kJ/mol)
       G96Angle    Proper Dih.  Improper Dih.          LJ-14     Coulomb-14
    3.86032e+03    2.76696e+03    1.24325e+03   -1.25781e+01    3.09779e+04
        LJ (SR)  Disper. corr.   Coulomb (SR)   Coul. recip. Position Rest.
    1.19008e+05   -2.74454e+03   -9.42300e+05    1.81475e+03    1.54744e+03
      Potential    Kinetic En.   Total Energy    Temperature Pres. DC (bar)
   -7.83838e+05    1.40018e+05   -6.43820e+05    2.98722e+02   -7.63348e+01
 Pressure (bar)   Constr. rmsd
   -6.94349e+02    1.02767e-05

DD  step 38999 load imb.: force  2.8%

           Step           Time
          39000       78.00000

   Energies (kJ/mol)
       G96Angle    Proper Dih.  Improper Dih.          LJ-14     Coulomb-14
    4.14170e+03    2.77187e+03    1.14939e+03   -3.17499e+01    3.08717e+04
        LJ (SR)  Disper. corr.   Coulomb (SR)   Coul. recip. Position Rest.
    1.18705e+05   -2.74454e+03   -9.42348e+05    1.82881e+03    1.43598e+03
      Potential    Kinetic En.   Total Energy    Temperature Pres. DC (bar)
   -7.84220e+05    1.41150e+05   -6.43070e+05    3.01138e+02   -7.63348e+01
 Pressure (bar)   Constr. rmsd
   -4.52042e+02    1.03642e-05

           Step           Time
          39500       79.00000

   Energies (kJ/mol)
       G96Angle    Proper Dih.  Improper Dih.          LJ-14     Coulomb-14
    3.72904e+03    2.72306e+03    1.17182e+03   -4.92740e+01    3.10618e+04
        LJ (SR)  Disper. corr.   Coulomb (SR)   Coul. recip. Position Rest.
    1.20060e+05   -2.74454e+03   -9.43053e+05    1.80570e+03    1.56301e+03
      Potential    Kinetic En.   Total Energy    Temperature Pres. DC (bar)
   -7.83732e+05    1.40729e+05   -6.43003e+05    3.00239e+02   -7.63348e+01
 Pressure (bar)   Constr. rmsd
    5.51513e+01    1.07715e-05

DD  step 39999 load imb.: force  3.0%

           Step           Time
          40000       80.00000

   Energies (kJ/mol)
       G96Angle    Proper Dih.  Improper Dih.          LJ-14     Coulomb-14
    4.00284e+03    2.74192e+03    1.20275e+03   -3.24482e+01    3.10295e+04
        LJ (SR)  Disper. corr.   Coulomb (SR)   Coul. recip. Position Rest.
    1.20722e+05   -2.74454e+03   -9.44705e+05    1.88554e+03    1.45764e+03
      Potential    Kinetic En.   Total Energy    Temperature Pres. DC (bar)
   -7.84440e+05    1.40794e+05   -6.43645e+05    3.00379e+02   -7.63348e+01
 Pressure (bar)   Constr. rmsd
   -2.45984e+02    1.06907e-05

           Step           Time
          40500       81.00000

   Energies (kJ/mol)
       G96Angle    Proper Dih.  Improper Dih.          LJ-14     Coulomb-14
    4.06698e+03    2.65885e+03    1.18118e+03   -4.63249e+00    3.08817e+04
        LJ (SR)  Disper. corr.   Coulomb (SR)   Coul. recip. Position Rest.
    1.19347e+05   -2.74454e+03   -9.42507e+05    1.86877e+03    1.48139e+03
      Potential    Kinetic En.   Total Energy    Temperature Pres. DC (bar)
   -7.83771e+05    1.41006e+05   -6.42764e+05    3.00831e+02   -7.63348e+01
 Pressure (bar)   Constr. rmsd
   -2.24951e+02    1.06560e-05

DD  step 40999 load imb.: force  2.9%

           Step           Time
          41000       82.00000

   Energies (kJ/mol)
       G96Angle    Proper Dih.  Improper Dih.          LJ-14     Coulomb-14
    3.71365e+03    2.80803e+03    1.19826e+03   -2.54968e+01    3.10218e+04
        LJ (SR)  Disper. corr.   Coulomb (SR)   Coul. recip. Position Rest.
    1.18856e+05   -2.74454e+03   -9.40898e+05    1.86224e+03    1.40406e+03
      Potential    Kinetic En.   Total Energy    Temperature Pres. DC (bar)
   -7.82805e+05    1.41201e+05   -6.41604e+05    3.01245e+02   -7.63348e+01
 Pressure (bar)   Constr. rmsd
   -3.87625e+02    1.13624e-05

           Step           Time
          41500       83.00000

   Energies (kJ/mol)
       G96Angle    Proper Dih.  Improper Dih.          LJ-14     Coulomb-14
    3.73437e+03    2.76619e+03    1.11056e+03   -2.74656e+01    3.10855e+04
        LJ (SR)  Disper. corr.   Coulomb (SR)   Coul. recip. Position Rest.
    1.16917e+05   -2.74454e+03   -9.40031e+05    1.86331e+03    1.54688e+03
      Potential    Kinetic En.   Total Energy    Temperature Pres. DC (bar)
   -7.83779e+05    1.41302e+05   -6.42478e+05    3.01461e+02   -7.63348e+01
 Pressure (bar)   Constr. rmsd
   -5.10353e+02    1.10265e-05

DD  step 41999 load imb.: force  2.5%

           Step           Time
          42000       84.00000

   Energies (kJ/mol)
       G96Angle    Proper Dih.  Improper Dih.          LJ-14     Coulomb-14
    3.93080e+03    2.81412e+03    1.18041e+03   -4.13890e+01    3.10143e+04
        LJ (SR)  Disper. corr.   Coulomb (SR)   Coul. recip. Position Rest.
    1.19074e+05   -2.74454e+03   -9.42475e+05    1.77374e+03    1.42698e+03
      Potential    Kinetic En.   Total Energy    Temperature Pres. DC (bar)
   -7.84046e+05    1.40170e+05   -6.43876e+05    2.99046e+02   -7.63348e+01
 Pressure (bar)   Constr. rmsd
   -6.25564e+02    1.15278e-05

           Step           Time
          42500       85.00000

   Energies (kJ/mol)
       G96Angle    Proper Dih.  Improper Dih.          LJ-14     Coulomb-14
    4.00352e+03    2.77771e+03    1.15431e+03   -7.54287e+01    3.08310e+04
        LJ (SR)  Disper. corr.   Coulomb (SR)   Coul. recip. Position Rest.
    1.19443e+05   -2.74454e+03   -9.42586e+05    1.82957e+03    1.42926e+03
      Potential    Kinetic En.   Total Energy    Temperature Pres. DC (bar)
   -7.83938e+05    1.41883e+05   -6.42056e+05    3.02700e+02   -7.63348e+01
 Pressure (bar)   Constr. rmsd
   -3.94447e+02    1.08451e-05

DD  step 42999 load imb.: force  3.0%

           Step           Time
          43000       86.00000

   Energies (kJ/mol)
       G96Angle    Proper Dih.  Improper Dih.          LJ-14     Coulomb-14
    3.96276e+03    2.78386e+03    1.24663e+03   -5.10901e+01    3.09354e+04
        LJ (SR)  Disper. corr.   Coulomb (SR)   Coul. recip. Position Rest.
    1.18834e+05   -2.74454e+03   -9.41512e+05    1.76751e+03    1.45117e+03
      Potential    Kinetic En.   Total Energy    Temperature Pres. DC (bar)
   -7.83326e+05    1.40444e+05   -6.42882e+05    2.99631e+02   -7.63348e+01
 Pressure (bar)   Constr. rmsd
   -4.37512e+02    1.06742e-05

           Step           Time
          43500       87.00000

   Energies (kJ/mol)
       G96Angle    Proper Dih.  Improper Dih.          LJ-14     Coulomb-14
    3.83169e+03    2.74924e+03    1.11123e+03    7.09792e+01    3.10165e+04
        LJ (SR)  Disper. corr.   Coulomb (SR)   Coul. recip. Position Rest.
    1.19834e+05   -2.74454e+03   -9.43092e+05    1.76977e+03    1.53642e+03
      Potential    Kinetic En.   Total Energy    Temperature Pres. DC (bar)
   -7.83916e+05    1.41721e+05   -6.42195e+05    3.02355e+02   -7.63348e+01
 Pressure (bar)   Constr. rmsd
   -2.13722e+02    1.13650e-05

DD  step 43999 load imb.: force  2.7%

           Step           Time
          44000       88.00000

   Energies (kJ/mol)
       G96Angle    Proper Dih.  Improper Dih.          LJ-14     Coulomb-14
    3.89652e+03    2.85553e+03    1.22631e+03   -1.52762e+01    3.08655e+04
        LJ (SR)  Disper. corr.   Coulomb (SR)   Coul. recip. Position Rest.
    1.20599e+05   -2.74454e+03   -9.43545e+05    1.78100e+03    1.49242e+03
      Potential    Kinetic En.   Total Energy    Temperature Pres. DC (bar)
   -7.83589e+05    1.40622e+05   -6.42967e+05    3.00010e+02   -7.63348e+01
 Pressure (bar)   Constr. rmsd
   -4.07269e+02    1.13729e-05

           Step           Time
          44500       89.00000

   Energies (kJ/mol)
       G96Angle    Proper Dih.  Improper Dih.          LJ-14     Coulomb-14
    3.93489e+03    2.84506e+03    1.12959e+03   -5.55749e+01    3.08935e+04
        LJ (SR)  Disper. corr.   Coulomb (SR)   Coul. recip. Position Rest.
    1.17680e+05   -2.74454e+03   -9.40906e+05    1.92417e+03    1.50098e+03
      Potential    Kinetic En.   Total Energy    Temperature Pres. DC (bar)
   -7.83798e+05    1.39526e+05   -6.44272e+05    2.97673e+02   -7.63348e+01
 Pressure (bar)   Constr. rmsd
   -3.57813e+02    1.12403e-05

DD  step 44999 load imb.: force  3.3%

           Step           Time
          45000       90.00000

   Energies (kJ/mol)
       G96Angle    Proper Dih.  Improper Dih.          LJ-14     Coulomb-14
    3.86362e+03    2.72295e+03    1.22395e+03   -2.51822e+01    3.08200e+04
        LJ (SR)  Disper. corr.   Coulomb (SR)   Coul. recip. Position Rest.
    1.18683e+05   -2.74454e+03   -9.40625e+05    1.82596e+03    1.54539e+03
      Potential    Kinetic En.   Total Energy    Temperature Pres. DC (bar)
   -7.82710e+05    1.41177e+05   -6.41533e+05    3.01195e+02   -7.63348e+01
 Pressure (bar)   Constr. rmsd
   -7.09919e+02    1.11089e-05

           Step           Time
          45500       91.00000

   Energies (kJ/mol)
       G96Angle    Proper Dih.  Improper Dih.          LJ-14     Coulomb-14
    3.93765e+03    2.80884e+03    1.14467e+03   -1.88504e+01    3.09467e+04
        LJ (SR)  Disper. corr.   Coulomb (SR)   Coul. recip. Position Rest.
    1.17330e+05   -2.74454e+03   -9.40198e+05    1.80483e+03    1.40093e+03
      Potential    Kinetic En.   Total Energy    Temperature Pres. DC (bar)
   -7.83588e+05    1.40760e+05   -6.42828e+05    3.00304e+02   -7.63348e+01
 Pressure (bar)   Constr. rmsd
   -6.86402e+02    1.03366e-05

DD  step 45999 load imb.: force  3.3%

           Step           Time
          46000       92.00000

   Energies (kJ/mol)
       G96Angle    Proper Dih.  Improper Dih.          LJ-14     Coulomb-14
    3.78855e+03    2.85888e+03    1.14359e+03   -2.09123e+01    3.09593e+04
        LJ (SR)  Disper. corr.   Coulomb (SR)   Coul. recip. Position Rest.
    1.19903e+05   -2.74454e+03   -9.41329e+05    1.87426e+03    1.45920e+03
      Potential    Kinetic En.   Total Energy    Temperature Pres. DC (bar)
   -7.82108e+05    1.40817e+05   -6.41291e+05    3.00427e+02   -7.63348e+01
 Pressure (bar)   Constr. rmsd
   -3.34121e+02    1.10374e-05

           Step           Time
          46500       93.00000

   Energies (kJ/mol)
       G96Angle    Proper Dih.  Improper Dih.          LJ-14     Coulomb-14
    3.81648e+03    2.70447e+03    1.21152e+03    3.76663e+01    3.10395e+04
        LJ (SR)  Disper. corr.   Coulomb (SR)   Coul. recip. Position Rest.
    1.19453e+05   -2.74454e+03   -9.41678e+05    1.82387e+03    1.41227e+03
      Potential    Kinetic En.   Total Energy    Temperature Pres. DC (bar)
   -7.82923e+05    1.41106e+05   -6.41818e+05    3.01042e+02   -7.63348e+01
 Pressure (bar)   Constr. rmsd
   -5.93267e+02    1.10561e-05

DD  step 46999 load imb.: force  3.3%

           Step           Time
          47000       94.00000

   Energies (kJ/mol)
       G96Angle    Proper Dih.  Improper Dih.          LJ-14     Coulomb-14
    4.05305e+03    2.80273e+03    1.26587e+03    8.77366e+00    3.09799e+04
        LJ (SR)  Disper. corr.   Coulomb (SR)   Coul. recip. Position Rest.
    1.20585e+05   -2.74454e+03   -9.43730e+05    1.80848e+03    1.47750e+03
      Potential    Kinetic En.   Total Energy    Temperature Pres. DC (bar)
   -7.83493e+05    1.40841e+05   -6.42652e+05    3.00479e+02   -7.63348e+01
 Pressure (bar)   Constr. rmsd
   -4.27448e+02    1.11619e-05

           Step           Time
          47500       95.00000

   Energies (kJ/mol)
       G96Angle    Proper Dih.  Improper Dih.          LJ-14     Coulomb-14
    4.06320e+03    2.72157e+03    1.15737e+03   -2.18053e+01    3.09075e+04
        LJ (SR)  Disper. corr.   Coulomb (SR)   Coul. recip. Position Rest.
    1.17915e+05   -2.74454e+03   -9.40464e+05    1.79790e+03    1.53275e+03
      Potential    Kinetic En.   Total Energy    Temperature Pres. DC (bar)
   -7.83135e+05    1.40805e+05   -6.42330e+05    3.00401e+02   -7.63348e+01
 Pressure (bar)   Constr. rmsd
   -3.62286e+02    1.22265e-05

DD  step 47999 load imb.: force  4.6%

           Step           Time
          48000       96.00000

   Energies (kJ/mol)
       G96Angle    Proper Dih.  Improper Dih.          LJ-14     Coulomb-14
    3.86946e+03    2.75611e+03    1.18232e+03   -3.33972e+01    3.09243e+04
        LJ (SR)  Disper. corr.   Coulomb (SR)   Coul. recip. Position Rest.
    1.18307e+05   -2.74454e+03   -9.40671e+05    1.82620e+03    1.48894e+03
      Potential    Kinetic En.   Total Energy    Temperature Pres. DC (bar)
   -7.83095e+05    1.40455e+05   -6.42640e+05    2.99654e+02   -7.63348e+01
 Pressure (bar)   Constr. rmsd
   -3.27931e+02    1.07921e-05

           Step           Time
          48500       97.00000

   Energies (kJ/mol)
       G96Angle    Proper Dih.  Improper Dih.          LJ-14     Coulomb-14
    3.69066e+03    2.66179e+03    1.17538e+03    5.85208e+01    3.10979e+04
        LJ (SR)  Disper. corr.   Coulomb (SR)   Coul. recip. Position Rest.
    1.19331e+05   -2.74454e+03   -9.42775e+05    1.79685e+03    1.50208e+03
      Potential    Kinetic En.   Total Energy    Temperature Pres. DC (bar)
   -7.84206e+05    1.40872e+05   -6.43333e+05    3.00545e+02   -7.63348e+01
 Pressure (bar)   Constr. rmsd
   -5.55748e+01    9.90803e-06

DD  step 48999 load imb.: force  4.0%

           Step           Time
          49000       98.00000

   Energies (kJ/mol)
       G96Angle    Proper Dih.  Improper Dih.          LJ-14     Coulomb-14
    3.87911e+03    2.89689e+03    1.15356e+03    7.76012e-01    3.08433e+04
        LJ (SR)  Disper. corr.   Coulomb (SR)   Coul. recip. Position Rest.
    1.20397e+05   -2.74454e+03   -9.43819e+05    1.83854e+03    1.54617e+03
      Potential    Kinetic En.   Total Energy    Temperature Pres. DC (bar)
   -7.84008e+05    1.40907e+05   -6.43101e+05    3.00620e+02   -7.63348e+01
 Pressure (bar)   Constr. rmsd
   -2.82383e+02    1.09628e-05

           Step           Time
          49500       99.00000

   Energies (kJ/mol)
       G96Angle    Proper Dih.  Improper Dih.          LJ-14     Coulomb-14
    3.87658e+03    2.70402e+03    1.21706e+03   -1.34678e+01    3.10455e+04
        LJ (SR)  Disper. corr.   Coulomb (SR)   Coul. recip. Position Rest.
    1.19955e+05   -2.74454e+03   -9.42161e+05    1.87301e+03    1.48456e+03
      Potential    Kinetic En.   Total Energy    Temperature Pres. DC (bar)
   -7.82764e+05    1.39774e+05   -6.42990e+05    2.98200e+02   -7.63348e+01
 Pressure (bar)   Constr. rmsd
   -4.06377e+02    1.08499e-05

DD  step 49999 load imb.: force  5.1%

           Step           Time
          50000      100.00000

Writing checkpoint, step 50000 at Sat Apr  8 14:00:25 2017


   Energies (kJ/mol)
       G96Angle    Proper Dih.  Improper Dih.          LJ-14     Coulomb-14
    3.85591e+03    2.76375e+03    1.16087e+03    2.90452e+01    3.10275e+04
        LJ (SR)  Disper. corr.   Coulomb (SR)   Coul. recip. Position Rest.
    1.18834e+05   -2.74454e+03   -9.40907e+05    1.80510e+03    1.40558e+03
      Potential    Kinetic En.   Total Energy    Temperature Pres. DC (bar)
   -7.82769e+05    1.41615e+05   -6.41155e+05    3.02128e+02   -7.63348e+01
 Pressure (bar)   Constr. rmsd
   -2.78370e+02    1.03991e-05

	<======  ###############  ==>
	<====  A V E R A G E S  ====>
	<==  ###############  ======>

	Statistics over 50001 steps using 501 frames

   Energies (kJ/mol)
       G96Angle    Proper Dih.  Improper Dih.          LJ-14     Coulomb-14
    3.87387e+03    2.78036e+03    1.18636e+03   -4.01616e+00    3.09674e+04
        LJ (SR)  Disper. corr.   Coulomb (SR)   Coul. recip. Position Rest.
    1.19216e+05   -2.74454e+03   -9.42088e+05    1.84671e+03    1.45841e+03
      Potential    Kinetic En.   Total Energy    Temperature Pres. DC (bar)
   -7.83507e+05    1.40706e+05   -6.42801e+05    3.00189e+02   -7.63348e+01
 Pressure (bar)   Constr. rmsd
   -4.51030e+02    0.00000e+00

   Total Virial (kJ/mol)
    5.47877e+04   -3.58412e+01   -1.86405e+02
   -3.39601e+01    5.53608e+04    7.91502e+01
   -1.83964e+02    7.99604e+01    5.48931e+04

   Pressure (bar)
   -4.38696e+02    1.71452e+00    1.22926e+01
    1.60993e+00   -4.70337e+02   -3.67029e+00
    1.21569e+01   -3.71534e+00   -4.44055e+02

  Epot (kJ/mol)        Coul-SR          LJ-SR        Coul-14          LJ-14   
Protein-Protein   -1.01395e+06    1.11640e+05    3.09674e+04   -4.01616e+00
   Protein-rest    4.34945e+04    4.43561e+03    0.00000e+00    0.00000e+00
      rest-rest    2.83680e+04    3.14036e+03    0.00000e+00    0.00000e+00

      T-Protein  T-non-Protein
    3.00808e+02    3.00163e+02


	M E G A - F L O P S   A C C O U N T I N G

 NB=Group-cutoff nonbonded kernels    NxN=N-by-N cluster Verlet kernels
 RF=Reaction-Field  VdW=Van der Waals  QSTab=quadratic-spline table
 W3=SPC/TIP3p  W4=TIP4p (single or pairs)
 V&F=Potential and force  V=Potential only  F=Force only

 Computing:                               M-Number         M-Flops  % Flops
-----------------------------------------------------------------------------
 Pair Search distance check           35852.125290      322669.128     0.2
 NxN QSTab Elec. + LJ [F]           1325337.692688    54338845.400    25.6
 NxN QSTab Elec. + LJ [V&F]           13417.552848      791635.618     0.4
 NxN Ewald Elec. + LJ [F]           2243955.383488   148101055.310    69.7
 NxN Ewald Elec. + LJ [V&F]           22714.073920     2430405.909     1.1
 NxN LJ [F]                             230.104560        7593.450     0.0
 NxN LJ [V&F]                             2.341088         100.667     0.0
 NxN QSTab Elec. [F]                  20808.531408      707490.068     0.3
 NxN QSTab Elec. [V&F]                  210.719136        8639.485     0.0
 1,4 nonbonded interactions             194.503890       17505.350     0.0
 Calc Weights                          8459.119179      304528.290     0.1
 Spread Q Bspline                    180461.209152      360922.418     0.2
 Gather F Bspline                    180461.209152     1082767.255     0.5
 3D-FFT                              382423.570530     3059388.564     1.4
 Solve PME                              359.789600       23026.534     0.0
 Reset In Box                            70.547643         211.643     0.0
 CG-CoM                                  70.604036         211.812     0.0
 Angles                                 174.903498       29383.788     0.0
 Propers                                 86.301726       19763.095     0.0
 Impropers                               58.801176       12230.645     0.0
 Pos. Restr.                             91.251825        4562.591     0.0
 Virial                                  28.433253         511.799     0.0
 Update                                2819.706393       87410.898     0.0
 Stop-CM                                 28.309286         283.093     0.0
 Calc-Ekin                              282.077786        7616.100     0.0
 Lincs                                  382.376094       22942.566     0.0
 Lincs-Mat                             6584.498136       26337.993     0.0
 Constraint-V                          6540.468055       52323.744     0.0
 Constraint-Vir                          30.851843         740.444     0.0
 Settle                                1925.260410      621859.112     0.3
-----------------------------------------------------------------------------
 Total                                               212442962.771   100.0
-----------------------------------------------------------------------------


    D O M A I N   D E C O M P O S I T I O N   S T A T I S T I C S

 av. #atoms communicated per step for force:  2 x 81323.9
 av. #atoms communicated per step for LINCS:  2 x 5238.0

 Average load imbalance: 3.2 %
 Part of the total run time spent waiting due to load imbalance: 1.9 %


     R E A L   C Y C L E   A N D   T I M E   A C C O U N T I N G

On 8 MPI ranks, each using 2 OpenMP threads

 Computing:          Num   Num      Call    Wall time         Giga-Cycles
                     Ranks Threads  Count      (s)         total sum    %
-----------------------------------------------------------------------------
 Domain decomp.         8    2       1251       5.348        227.587   0.4
 DD comm. load          8    2         52       0.001          0.061   0.0
 Neighbor search        8    2       1251      23.491        999.763   1.7
 Launch GPU ops.        8    2      50001      24.671       1049.991   1.7
 Comm. coord.           8    2      48750      13.876        590.541   1.0
 Force                  8    2      50001     735.883      31318.600  52.2
 Wait + Comm. F         8    2      50001      10.503        447.015   0.7
 PME mesh               8    2      50001     157.222       6691.254  11.1
 Wait GPU local         8    2      50001     115.981       4936.045   8.2
 NB X/F buffer ops.     8    2     247503      13.895        591.361   1.0
 Write traj.            8    2        102       0.411         17.474   0.0
 Update                 8    2     100002      19.473        828.748   1.4
 Constraints            8    2     100002     287.809      12248.947  20.4
 Comm. energies         8    2       2501       0.077          3.258   0.0
 Rest                                           1.451         61.733   0.1
-----------------------------------------------------------------------------
 Total                                       1410.091      60012.379 100.0
-----------------------------------------------------------------------------
 Breakdown of PME mesh computation
-----------------------------------------------------------------------------
 PME redist. X/F        8    2     100002      48.648       2070.438   3.5
 PME spread/gather      8    2     100002      68.235       2904.044   4.8
 PME 3D-FFT             8    2     100002      25.198       1072.393   1.8
 PME 3D-FFT Comm.       8    2     200004      10.903        464.041   0.8
 PME solve Elec         8    2      50001       4.063        172.897   0.3
-----------------------------------------------------------------------------

 GPU timings
-----------------------------------------------------------------------------
 Computing:                         Count  Wall t (s)      ms/step       %
-----------------------------------------------------------------------------
 Pair list H2D                       1251       0.402        0.322     0.1
 X / q H2D                          50001       9.919        0.198     1.3
 Nonbonded F kernel                 48500     538.878       11.111    72.6
 Nonbonded F+ene k.                   250       4.454       17.816     0.6
 Nonbonded F+prune k.                1000       8.652        8.652     1.2
 Nonbonded F+ene+prune k.             251       3.077       12.261     0.4
 F D2H                              50001     176.798        3.536    23.8
-----------------------------------------------------------------------------
 Total                                        742.182       14.843   100.0
-----------------------------------------------------------------------------

Average per-step force GPU/CPU evaluation time ratio: 14.843 ms/2.234 ms = 6.645
For optimal performance this ratio should be close to 1!


NOTE: The GPU has >20% more load than the CPU. This imbalance causes
      performance loss, consider using a shorter cut-off and a finer PME grid.

               Core t (s)   Wall t (s)        (%)
       Time:    22561.450     1410.091     1600.0
                 (ns/day)    (hour/ns)
Performance:        6.127        3.917
Finished mdrun on rank 0 Sat Apr  8 14:00:25 2017
